{
  "stats": {
    "suites": 1,
    "tests": 5,
    "passes": 5,
    "pending": 0,
    "failures": 0,
    "start": "2024-11-20T14:14:36.865Z",
    "end": "2024-11-20T14:14:44.079Z",
    "duration": 7214,
    "testsRegistered": 5,
    "passPercent": 100,
    "pendingPercent": 0,
    "other": 0,
    "hasOther": false,
    "skipped": 0,
    "hasSkipped": false
  },
  "results": [
    {
      "uuid": "fded5928-2a5e-4384-9ef4-1afdc808eebc",
      "title": "",
      "fullFile": "cypress/e2e/Home.cy.js",
      "file": "cypress/e2e/Home.cy.js",
      "beforeHooks": [],
      "afterHooks": [],
      "tests": [],
      "suites": [
        {
          "uuid": "748acda7-fe8b-4b3d-bd32-cbbe0927eb4c",
          "title": "Homepage and Navigation Tests",
          "fullFile": "",
          "file": "",
          "beforeHooks": [],
          "afterHooks": [],
          "tests": [
            {
              "title": "should load the homepage successfully",
              "fullTitle": "Homepage and Navigation Tests should load the homepage successfully",
              "timedOut": null,
              "duration": 1736,
              "state": "passed",
              "speed": "fast",
              "pass": true,
              "fail": false,
              "pending": false,
              "context": null,
              "code": "cy.get(_selectors.Selectors.logo, {\n  timeout: 10000\n}).should('be.visible').then(() => {\n  cy.log('✅ Home page is visible successfully');\n});\ncy.pause(); // Pause here to inspect if the test is failing",
              "err": {},
              "uuid": "2adac3cd-3cad-40e5-b76d-24e8c01c6487",
              "parentUUID": "748acda7-fe8b-4b3d-bd32-cbbe0927eb4c",
              "isHook": false,
              "skipped": false
            },
            {
              "title": "should display the search input",
              "fullTitle": "Homepage and Navigation Tests should display the search input",
              "timedOut": null,
              "duration": 748,
              "state": "passed",
              "speed": "fast",
              "pass": true,
              "fail": false,
              "pending": false,
              "context": null,
              "code": "cy.get(_selectors.Selectors.searchBar, {\n  timeout: 10000\n}).should('be.visible');",
              "err": {},
              "uuid": "ce0814b2-32a3-4d37-83bf-975da3d34298",
              "parentUUID": "748acda7-fe8b-4b3d-bd32-cbbe0927eb4c",
              "isHook": false,
              "skipped": false
            },
            {
              "title": "should navigate to the Shop page when tab is clicked",
              "fullTitle": "Homepage and Navigation Tests should navigate to the Shop page when tab is clicked",
              "timedOut": null,
              "duration": 1284,
              "state": "passed",
              "speed": "fast",
              "pass": true,
              "fail": false,
              "pending": false,
              "context": null,
              "code": "cy.get(_selectors.Selectors.navTabs).click();\ncy.url().should('include', 'shop');",
              "err": {},
              "uuid": "14b55797-eb6d-4b53-b68f-4ab79de2ab12",
              "parentUUID": "748acda7-fe8b-4b3d-bd32-cbbe0927eb4c",
              "isHook": false,
              "skipped": false
            },
            {
              "title": "should load more content when scrolling down",
              "fullTitle": "Homepage and Navigation Tests should load more content when scrolling down",
              "timedOut": null,
              "duration": 782,
              "state": "passed",
              "speed": "fast",
              "pass": true,
              "fail": false,
              "pending": false,
              "context": null,
              "code": "cy.scrollTo('bottom');",
              "err": {},
              "uuid": "98ca8933-3475-4492-beb4-43018a5212a1",
              "parentUUID": "748acda7-fe8b-4b3d-bd32-cbbe0927eb4c",
              "isHook": false,
              "skipped": false
            },
            {
              "title": "should be able to navigate to different pages",
              "fullTitle": "Homepage and Navigation Tests should be able to navigate to different pages",
              "timedOut": null,
              "duration": 2551,
              "state": "passed",
              "speed": "fast",
              "pass": true,
              "fail": false,
              "pending": false,
              "context": null,
              "code": "cy.get(_selectors.Selectors.navTabs).click();\ncy.url().should('include', '/collections/shop');\n// Navigate back to the previous page (homepage)\ncy.go('back');",
              "err": {},
              "uuid": "c13203be-a362-4b6a-b7ab-4043108a3981",
              "parentUUID": "748acda7-fe8b-4b3d-bd32-cbbe0927eb4c",
              "isHook": false,
              "skipped": false
            }
          ],
          "suites": [],
          "passes": [
            "2adac3cd-3cad-40e5-b76d-24e8c01c6487",
            "ce0814b2-32a3-4d37-83bf-975da3d34298",
            "14b55797-eb6d-4b53-b68f-4ab79de2ab12",
            "98ca8933-3475-4492-beb4-43018a5212a1",
            "c13203be-a362-4b6a-b7ab-4043108a3981"
          ],
          "failures": [],
          "pending": [],
          "skipped": [],
          "duration": 7101,
          "root": false,
          "rootEmpty": false,
          "_timeout": 2000
        }
      ],
      "passes": [],
      "failures": [],
      "pending": [],
      "skipped": [],
      "duration": 0,
      "root": true,
      "rootEmpty": true,
      "_timeout": 2000
    }
  ],
  "meta": {
    "mocha": {
      "version": "7.0.1"
    },
    "mochawesome": {
      "options": {
        "quiet": false,
        "reportFilename": "mochawesome",
        "saveHtml": true,
        "saveJson": true,
        "consoleReporter": "spec",
        "useInlineDiffs": false,
        "code": true
      },
      "version": "7.1.3"
    },
    "marge": {
      "options": {
        "reportDir": "cypress/reports",
        "overwrite": false,
        "html": true,
        "json": true
      },
      "version": "6.2.0"
    }
  }
}