{
  "stats": {
    "suites": 1,
    "tests": 1,
    "passes": 0,
    "pending": 0,
    "failures": 1,
    "start": "2024-11-20T11:58:55.720Z",
    "end": "2024-11-20T11:59:29.717Z",
    "duration": 33997,
    "testsRegistered": 1,
    "passPercent": 0,
    "pendingPercent": 0,
    "other": 0,
    "hasOther": false,
    "skipped": 0,
    "hasSkipped": false
  },
  "results": [
    {
      "uuid": "6bd01ac2-9d5f-4f5d-9302-bf085ca8b5cd",
      "title": "",
      "fullFile": "cypress/e2e/checkout.cy.js",
      "file": "cypress/e2e/checkout.cy.js",
      "beforeHooks": [],
      "afterHooks": [],
      "tests": [],
      "suites": [
        {
          "uuid": "0a2ee48e-5688-4222-870b-b6d22e9c32fd",
          "title": "Tranquilo Matcha Checkout Functionality",
          "fullFile": "",
          "file": "",
          "beforeHooks": [],
          "afterHooks": [],
          "tests": [
            {
              "title": "should allow users to proceed to checkout",
              "fullTitle": "Tranquilo Matcha Checkout Functionality should allow users to proceed to checkout",
              "timedOut": null,
              "duration": 11205,
              "state": "failed",
              "speed": null,
              "pass": false,
              "fail": true,
              "pending": false,
              "context": null,
              "code": "// Search for the product using the search term from the fixture\nsearchTerms.forEach(searchTerm => {\n  cy.get(_selectors.Selectors.popupModal, {\n    timeout: 10000\n  }).type(`${searchTerm}{enter}`);\n  // Wait for search results to load and verify that results are present\n  cy.get(_selectors.Selectors.searchResultsList, {\n    timeout: 20000\n  }) // Timeout for search results\n  .should('have.length.greaterThan', 0); // Assert that results are shown\n  // Select and click the first product from the search results\n  cy.get(_selectors.Selectors.searchResultsList).first() // Get the first result\n  .click(); // Click on the product link\n  // Add the selected product to the cart\n  cy.get(_selectors.Selectors.productAddToCartButton, {\n    timeout: 12000\n  }) // Timeout for the 'Add to Cart' button\n  .scrollIntoView() // Smooth scroll into view for visibility\n  .should('be.visible') // Ensure the button is visible\n  .click(); // Click the 'Add to Cart' button\n  // Verify that the \"Added to Cart Notification\" modal appears\n  cy.get(_selectors.Selectors.addedToCartModal, {\n    timeout: 10000\n  }) // Timeout for the modal visibility\n  .should('be.visible'); // Ensure the modal is visible\n  // Close the \"Added to Cart Notification\" modal\n  cy.get(_selectors.Selectors.closeAddedToCartModal, {\n    timeout: 10000\n  }) // Timeout for closing modal\n  .should('be.visible') // Ensure the close button is visible\n  .click(); // Close the modal\n  // Navigate to the cart\n  cy.get(_selectors.Selectors.cartIconBubble, {\n    timeout: 10000\n  }) // Timeout for the cart icon visibility\n  .click(); // Click on the cart icon\n  // Verify that the cart summary is visible\n  cy.get(_selectors.Selectors.cartSummary, {\n    timeout: 10000\n  }) // Timeout for cart summary visibility\n  .should('be.visible'); // Ensure cart summary is visible\n  // Scroll down to the cart footer for a smoother user experience\n  cy.get(_selectors.Selectors.cartFooter, {\n    timeout: 10000\n  }) // Timeout for cart footer visibility\n  .scrollIntoView();\n  // Proceed to checkout\n  cy.get(_selectors.Selectors.checkoutButton, {\n    timeout: 10000\n  }) // Timeout for checkout button visibility\n  .should('be.visible') // Ensure the checkout button is visible\n  .click(); // Click the checkout button\n  // Assert that the checkout page is loaded\n  cy.url().should('include', '/checkout'); // Check if the checkout page URL is loaded\n  // Assert that the checkout page is loaded\n  cy.url().should('include', '/checkouts'); // Check if the checkout page URL is loaded\n  // Verify that the checkout page elements are visible\n  cy.get(_selectors.Selectors.checkoutMain, {\n    timeout: 10000\n  }).should('be.visible');\n  cy.get(_selectors.Selectors.payButton, {\n    timeout: 10000\n  }) // Timeout for payment button visibility\n  .scrollIntoView().should('be.visible'); // Ensure the payment button is visible\n});",
              "err": {
                "message": "AssertionError: Timed out retrying after 10000ms: Expected to find element: `#one-click-popup-13553372974531`, but never found it.\n\nBecause this error occurred during a `before each` hook we are skipping the remaining tests in the current suite: `Tranquilo Matcha Checkout F...`",
                "estack": "AssertionError: Timed out retrying after 10000ms: Expected to find element: `#one-click-popup-13553372974531`, but never found it.\n\nBecause this error occurred during a `before each` hook we are skipping the remaining tests in the current suite: `Tranquilo Matcha Checkout F...`\n    at Context.eval (webpack://shopify/./cypress/support/commands.js:7:7)",
                "diff": null
              },
              "uuid": "e254da3f-3d6c-48fd-a710-852f50b62997",
              "parentUUID": "0a2ee48e-5688-4222-870b-b6d22e9c32fd",
              "isHook": false,
              "skipped": false
            }
          ],
          "suites": [],
          "passes": [],
          "failures": [
            "e254da3f-3d6c-48fd-a710-852f50b62997"
          ],
          "pending": [],
          "skipped": [],
          "duration": 11205,
          "root": false,
          "rootEmpty": false,
          "_timeout": 2000
        }
      ],
      "passes": [],
      "failures": [],
      "pending": [],
      "skipped": [],
      "duration": 0,
      "root": true,
      "rootEmpty": true,
      "_timeout": 2000
    }
  ],
  "meta": {
    "mocha": {
      "version": "7.0.1"
    },
    "mochawesome": {
      "options": {
        "quiet": false,
        "reportFilename": "mochawesome",
        "saveHtml": true,
        "saveJson": true,
        "consoleReporter": "spec",
        "useInlineDiffs": false,
        "code": true
      },
      "version": "7.1.3"
    },
    "marge": {
      "options": {
        "reportDir": "cypress/reports",
        "overwrite": false,
        "html": true,
        "json": true
      },
      "version": "6.2.0"
    }
  }
}