{
  "stats": {
    "suites": 1,
    "tests": 2,
    "passes": 0,
    "pending": 0,
    "failures": 2,
    "start": "2024-11-20T12:43:50.498Z",
    "end": "2024-11-20T12:45:07.044Z",
    "duration": 76546,
    "testsRegistered": 2,
    "passPercent": 0,
    "pendingPercent": 0,
    "other": 0,
    "hasOther": false,
    "skipped": 0,
    "hasSkipped": false
  },
  "results": [
    {
      "uuid": "edbaf260-89ea-45af-969f-3dc17fc4b49a",
      "title": "",
      "fullFile": "cypress/e2e/search.cy.js",
      "file": "cypress/e2e/search.cy.js",
      "beforeHooks": [],
      "afterHooks": [],
      "tests": [],
      "suites": [
        {
          "uuid": "2f6f7b59-4ebd-4ec9-9e52-10ea76113a2e",
          "title": "Tranquilo Matcha Search Functionality",
          "fullFile": "",
          "file": "",
          "beforeHooks": [],
          "afterHooks": [],
          "tests": [
            {
              "title": "should display the search bar",
              "fullTitle": "Tranquilo Matcha Search Functionality should display the search bar",
              "timedOut": null,
              "duration": 10238,
              "state": "failed",
              "speed": null,
              "pass": false,
              "fail": true,
              "pending": false,
              "context": null,
              "code": "cy.get(_selectors.Selectors.searchBar, {\n  timeout: 10000\n}).should('be.visible').then(() => {\n  cy.log('✅ Search bar is visible');\n});\ncy.pause(); // Pause here to inspect if the test is failing",
              "err": {
                "message": "AssertionError: Timed out retrying after 10000ms: Expected to find element: `#shopify-section-sections--20638601380184__header > sticky-header > header > details-modal`, but never found it.",
                "estack": "AssertionError: Timed out retrying after 10000ms: Expected to find element: `#shopify-section-sections--20638601380184__header > sticky-header > header > details-modal`, but never found it.\n    at Context.eval (webpack://shopify/./cypress/e2e/search.cy.js:27:9)",
                "diff": null
              },
              "uuid": "b898f111-f14c-449c-89de-45092c9d381b",
              "parentUUID": "2f6f7b59-4ebd-4ec9-9e52-10ea76113a2e",
              "isHook": false,
              "skipped": false
            },
            {
              "title": "should allow users to search for a product",
              "fullTitle": "Tranquilo Matcha Search Functionality should allow users to search for a product",
              "timedOut": null,
              "duration": 15229,
              "state": "failed",
              "speed": null,
              "pass": false,
              "fail": true,
              "pending": false,
              "context": null,
              "code": "searchTerms.forEach(term => {\n  cy.get(_selectors.Selectors.searchBar, {\n    timeout: 15000\n  }).should('be.visible').then(() => {\n    cy.log(`✅ Search bar is visible for search term \"${term}\"`);\n  }).type(`${term}{enter}`, {\n    delay: 200\n  });\n  cy.log(`🔎 Searching for \"${term}\"`);\n  cy.pause(); // Pause here to debug any potential issues with typing or search\n});",
              "err": {
                "message": "AssertionError: Timed out retrying after 15000ms: Expected to find element: `#shopify-section-sections--20638601380184__header > sticky-header > header > details-modal`, but never found it.",
                "estack": "AssertionError: Timed out retrying after 15000ms: Expected to find element: `#shopify-section-sections--20638601380184__header > sticky-header > header > details-modal`, but never found it.\n    at eval (webpack://shopify/./cypress/e2e/search.cy.js:38:11)\n    at Context.eval (webpack://shopify/./cypress/e2e/search.cy.js:36:16)",
                "diff": null
              },
              "uuid": "b6314024-2240-466c-8cd9-c4739bd462c9",
              "parentUUID": "2f6f7b59-4ebd-4ec9-9e52-10ea76113a2e",
              "isHook": false,
              "skipped": false
            }
          ],
          "suites": [],
          "passes": [],
          "failures": [
            "b898f111-f14c-449c-89de-45092c9d381b",
            "b6314024-2240-466c-8cd9-c4739bd462c9"
          ],
          "pending": [],
          "skipped": [],
          "duration": 25467,
          "root": false,
          "rootEmpty": false,
          "_timeout": 2000
        }
      ],
      "passes": [],
      "failures": [],
      "pending": [],
      "skipped": [],
      "duration": 0,
      "root": true,
      "rootEmpty": true,
      "_timeout": 2000
    }
  ],
  "meta": {
    "mocha": {
      "version": "7.0.1"
    },
    "mochawesome": {
      "options": {
        "quiet": false,
        "reportFilename": "mochawesome",
        "saveHtml": true,
        "saveJson": true,
        "consoleReporter": "spec",
        "useInlineDiffs": false,
        "code": true
      },
      "version": "7.1.3"
    },
    "marge": {
      "options": {
        "reportDir": "cypress/reports",
        "overwrite": false,
        "html": true,
        "json": true
      },
      "version": "6.2.0"
    }
  }
}