{
  "stats": {
    "suites": 1,
    "tests": 1,
    "passes": 0,
    "pending": 0,
    "failures": 1,
    "start": "2024-11-21T15:54:25.083Z",
    "end": "2024-11-21T15:54:29.411Z",
    "duration": 4328,
    "testsRegistered": 1,
    "passPercent": 0,
    "pendingPercent": 0,
    "other": 0,
    "hasOther": false,
    "skipped": 0,
    "hasSkipped": false
  },
  "results": [
    {
      "uuid": "95f5891e-0b43-412d-bac0-40c3bbf1e289",
      "title": "",
      "fullFile": "cypress/e2e/checkout.cy.js",
      "file": "cypress/e2e/checkout.cy.js",
      "beforeHooks": [],
      "afterHooks": [],
      "tests": [],
      "suites": [
        {
          "uuid": "8fb448fd-dfeb-4902-a799-253ce93a56e5",
          "title": "Tranquilo Matcha Checkout Functionality",
          "fullFile": "",
          "file": "",
          "beforeHooks": [],
          "afterHooks": [],
          "tests": [
            {
              "title": "should allow users to proceed to checkout",
              "fullTitle": "Tranquilo Matcha Checkout Functionality should allow users to proceed to checkout",
              "timedOut": null,
              "duration": 1102,
              "state": "failed",
              "speed": null,
              "pass": false,
              "fail": true,
              "pending": false,
              "context": null,
              "code": "cy.log('🚀 Starting checkout functionality test');\ncy.wrap(null).then(() => {\n  searchTerms.forEach(term => {\n    cy.log(`🔍 Searching for term: ${term}`);\n    // Search for the product using the search term from the fixture\n    cy.get(_selectors.Selectors.popupModal, {\n      timeout: 10000\n    }).type(`${term}{enter}`);\n    // Wait for search results to load and verify that results are present\n    cy.get(_selectors.Selectors.searchResultsList, {\n      timeout: 20000\n    }).should('have.length.greaterThan', 0).then(() => cy.log('✅ Search results loaded successfully')).catch(() => cy.log('❌ Failed to load search results'));\n    // Select and click the first product from the search results\n    cy.get(_selectors.Selectors.searchResultsList).first().click().then(() => cy.log('✅ Clicked the first search result')).catch(() => cy.log('❌ Failed to click on the first search result'));\n    // Add the selected product to the cart\n    cy.get(_selectors.Selectors.productAddToCartButton, {\n      timeout: 12000\n    }).scrollIntoView().should('be.visible').click().then(() => cy.log('✅ Added product to the cart')).catch(() => cy.log('❌ Failed to add product to the cart'));\n    // Verify that the \"Added to Cart Notification\" modal appears\n    cy.get(_selectors.Selectors.addedToCartModal, {\n      timeout: 10000\n    }).should('be.visible').then(() => cy.log('✅ Added to Cart modal appeared')).catch(() => cy.log('❌ Added to Cart modal did not appear'));\n    // Close the \"Added to Cart Notification\" modal\n    cy.get(_selectors.Selectors.closeAddedToCartModal, {\n      timeout: 10000\n    }).should('be.visible').click().then(() => cy.log('✅ Closed Added to Cart modal')).catch(() => cy.log('❌ Failed to close Added to Cart modal'));\n    // Navigate to the cart\n    cy.get(_selectors.Selectors.cartIconBubble, {\n      timeout: 10000\n    }).click().then(() => cy.log('✅ Navigated to the cart')).catch(() => cy.log('❌ Failed to navigate to the cart'));\n    // Verify that the cart summary is visible\n    cy.get(_selectors.Selectors.cartSummary, {\n      timeout: 10000\n    }).should('be.visible').then(() => cy.log('✅ Cart summary is visible')).catch(() => cy.log('❌ Cart summary is not visible'));\n    // Scroll down to the cart footer for a smoother user experience\n    cy.get(_selectors.Selectors.cartFooter, {\n      timeout: 10000\n    }).scrollIntoView().then(() => cy.log('✅ Scrolled to cart footer')).catch(() => cy.log('❌ Failed to scroll to cart footer'));\n    // Proceed to checkout\n    cy.get(_selectors.Selectors.checkoutButton, {\n      timeout: 10000\n    }).should('be.visible').click().then(() => cy.log('✅ Proceeded to checkout')).catch(() => cy.log('❌ Failed to proceed to checkout'));\n    // Assert that the checkout page is loaded\n    cy.url().should('include', '/checkout').then(() => cy.log('✅ Checkout page loaded successfully')).catch(() => cy.log('❌ Failed to load checkout page'));\n    // Verify that the checkout page elements are visible\n    cy.get(_selectors.Selectors.checkoutMain, {\n      timeout: 10000\n    }).should('be.visible').then(() => cy.log('✅ Checkout main section is visible')).catch(() => cy.log('❌ Checkout main section is not visible'));\n    cy.get(_selectors.Selectors.payButton, {\n      timeout: 10000\n    }).scrollIntoView().should('be.visible').then(() => cy.log('✅ Payment button is visible')).catch(() => cy.log('❌ Payment button is not visible'));\n  });\n}).then(() => {\n  cy.log('✅ Test passed: User was able to proceed to checkout');\n}).catch(error => {\n  cy.log('❌ Test failed:', error.message);\n  throw error; // Rethrow the error to fail the test in Cypress\n});",
              "err": {
                "message": "TypeError: cy.wrap(...).then(...).then(...).catch is not a function",
                "estack": "TypeError: cy.wrap(...).then(...).then(...).catch is not a function\n    at Context.eval (webpack://shopify/./cypress/e2e/checkout.cy.js:112:20)",
                "diff": null
              },
              "uuid": "faa4be57-a833-4f12-bcb6-a8f852260a8b",
              "parentUUID": "8fb448fd-dfeb-4902-a799-253ce93a56e5",
              "isHook": false,
              "skipped": false
            }
          ],
          "suites": [],
          "passes": [],
          "failures": [
            "faa4be57-a833-4f12-bcb6-a8f852260a8b"
          ],
          "pending": [],
          "skipped": [],
          "duration": 1102,
          "root": false,
          "rootEmpty": false,
          "_timeout": 2000
        }
      ],
      "passes": [],
      "failures": [],
      "pending": [],
      "skipped": [],
      "duration": 0,
      "root": true,
      "rootEmpty": true,
      "_timeout": 2000
    }
  ],
  "meta": {
    "mocha": {
      "version": "7.0.1"
    },
    "mochawesome": {
      "options": {
        "quiet": false,
        "reportFilename": "mochawesome",
        "saveHtml": true,
        "saveJson": true,
        "consoleReporter": "spec",
        "useInlineDiffs": false,
        "code": true
      },
      "version": "7.1.3"
    },
    "marge": {
      "options": {
        "reportDir": "cypress/reports",
        "overwrite": false,
        "html": true,
        "json": true
      },
      "version": "6.2.0"
    }
  }
}