{
  "stats": {
    "suites": 1,
    "tests": 5,
    "passes": 5,
    "pending": 0,
    "failures": 0,
    "start": "2024-11-20T15:12:52.644Z",
    "end": "2024-11-20T15:12:59.347Z",
    "duration": 6703,
    "testsRegistered": 5,
    "passPercent": 100,
    "pendingPercent": 0,
    "other": 0,
    "hasOther": false,
    "skipped": 0,
    "hasSkipped": false
  },
  "results": [
    {
      "uuid": "ef38150b-6abd-4a0d-9a02-9c568bff80cd",
      "title": "",
      "fullFile": "cypress/e2e/Home.cy.js",
      "file": "cypress/e2e/Home.cy.js",
      "beforeHooks": [],
      "afterHooks": [],
      "tests": [],
      "suites": [
        {
          "uuid": "843adba1-daf9-40cc-8742-4e2934728f66",
          "title": "Homepage and Navigation Tests",
          "fullFile": "",
          "file": "",
          "beforeHooks": [],
          "afterHooks": [],
          "tests": [
            {
              "title": "should load the homepage successfully",
              "fullTitle": "Homepage and Navigation Tests should load the homepage successfully",
              "timedOut": null,
              "duration": 1622,
              "state": "passed",
              "speed": "fast",
              "pass": true,
              "fail": false,
              "pending": false,
              "context": null,
              "code": "// Ensure the homepage logo is visible, indicating the page has loaded\ncy.get(_selectors.Selectors.logo, {\n  timeout: 10000\n}) // Added timeout\n.should('be.visible').then(() => {\n  cy.log('✅ Home page is visible successfully');\n});\ncy.pause();",
              "err": {},
              "uuid": "c96496e4-14c9-409c-9ec0-1f73b54a8de2",
              "parentUUID": "843adba1-daf9-40cc-8742-4e2934728f66",
              "isHook": false,
              "skipped": false
            },
            {
              "title": "should display the search input",
              "fullTitle": "Homepage and Navigation Tests should display the search input",
              "timedOut": null,
              "duration": 682,
              "state": "passed",
              "speed": "fast",
              "pass": true,
              "fail": false,
              "pending": false,
              "context": null,
              "code": "// Check that the search bar is visible\ncy.get(_selectors.Selectors.searchBar, {\n  timeout: 10000\n}) // Added timeout\n.should('be.visible').then(() => {\n  cy.log('✅ Search input is visible');\n});\ncy.pause(); // Pause to inspect the search bar visibility",
              "err": {},
              "uuid": "2343b0b2-f5c2-4532-8dee-a13efdc6042a",
              "parentUUID": "843adba1-daf9-40cc-8742-4e2934728f66",
              "isHook": false,
              "skipped": false
            },
            {
              "title": "should navigate to the Shop page when tab is clicked",
              "fullTitle": "Homepage and Navigation Tests should navigate to the Shop page when tab is clicked",
              "timedOut": null,
              "duration": 1054,
              "state": "passed",
              "speed": "fast",
              "pass": true,
              "fail": false,
              "pending": false,
              "context": null,
              "code": "// Click on the Shop navigation tab\ncy.get(_selectors.Selectors.navTabs, {\n  timeout: 10000\n}).click();\ncy.url({\n  timeout: 10000\n}).should('include', 'shop').then(() => {\n  cy.log('✅ Successfully navigated to the Shop page');\n});\ncy.pause();",
              "err": {},
              "uuid": "50092d0d-d647-4f38-86ae-f02a4ab2c8f1",
              "parentUUID": "843adba1-daf9-40cc-8742-4e2934728f66",
              "isHook": false,
              "skipped": false
            },
            {
              "title": "should load more content when scrolling down",
              "fullTitle": "Homepage and Navigation Tests should load more content when scrolling down",
              "timedOut": null,
              "duration": 696,
              "state": "passed",
              "speed": "fast",
              "pass": true,
              "fail": false,
              "pending": false,
              "context": null,
              "code": "// Scroll to the bottom of the page to trigger more content loading\ncy.scrollTo('bottom', {\n  timeout: 10000\n}).then(() => {\n  cy.log('✅ Scrolled to the bottom to load more content');\n});\ncy.pause();",
              "err": {},
              "uuid": "57188f79-6003-4bcb-aa2f-012bae24438c",
              "parentUUID": "843adba1-daf9-40cc-8742-4e2934728f66",
              "isHook": false,
              "skipped": false
            },
            {
              "title": "should be able to navigate to different pages",
              "fullTitle": "Homepage and Navigation Tests should be able to navigate to different pages",
              "timedOut": null,
              "duration": 2526,
              "state": "passed",
              "speed": "fast",
              "pass": true,
              "fail": false,
              "pending": false,
              "context": null,
              "code": "// Click on a navigation tab and verify the URL\ncy.get(_selectors.Selectors.navTabs, {\n  timeout: 10000\n}).click();\ncy.url({\n  timeout: 10000\n}).should('include', '/collections/shop').then(() => {\n  cy.log('✅ Successfully navigated to the collections/shop page');\n});\n// Navigate back to the previous page (homepage)\ncy.go('back', {\n  timeout: 10000\n}).then(() => {\n  cy.log('✅ Navigated back to the homepage');\n});\ncy.pause();",
              "err": {},
              "uuid": "992dd41e-eeac-4cfa-9bdb-02497142097f",
              "parentUUID": "843adba1-daf9-40cc-8742-4e2934728f66",
              "isHook": false,
              "skipped": false
            }
          ],
          "suites": [],
          "passes": [
            "c96496e4-14c9-409c-9ec0-1f73b54a8de2",
            "2343b0b2-f5c2-4532-8dee-a13efdc6042a",
            "50092d0d-d647-4f38-86ae-f02a4ab2c8f1",
            "57188f79-6003-4bcb-aa2f-012bae24438c",
            "992dd41e-eeac-4cfa-9bdb-02497142097f"
          ],
          "failures": [],
          "pending": [],
          "skipped": [],
          "duration": 6580,
          "root": false,
          "rootEmpty": false,
          "_timeout": 2000
        }
      ],
      "passes": [],
      "failures": [],
      "pending": [],
      "skipped": [],
      "duration": 0,
      "root": true,
      "rootEmpty": true,
      "_timeout": 2000
    }
  ],
  "meta": {
    "mocha": {
      "version": "7.0.1"
    },
    "mochawesome": {
      "options": {
        "quiet": false,
        "reportFilename": "mochawesome",
        "saveHtml": true,
        "saveJson": true,
        "consoleReporter": "spec",
        "useInlineDiffs": false,
        "code": true
      },
      "version": "7.1.3"
    },
    "marge": {
      "options": {
        "reportDir": "cypress/reports",
        "overwrite": false,
        "html": true,
        "json": true
      },
      "version": "6.2.0"
    }
  }
}