{
  "stats": {
    "suites": 1,
    "tests": 4,
    "passes": 4,
    "pending": 0,
    "failures": 0,
    "start": "2024-11-20T15:16:14.897Z",
    "end": "2024-11-20T15:16:22.702Z",
    "duration": 7805,
    "testsRegistered": 4,
    "passPercent": 100,
    "pendingPercent": 0,
    "other": 0,
    "hasOther": false,
    "skipped": 0,
    "hasSkipped": false
  },
  "results": [
    {
      "uuid": "f00813a0-4d20-49fb-911d-1b063beaa8b2",
      "title": "",
      "fullFile": "cypress/e2e/search.cy.js",
      "file": "cypress/e2e/search.cy.js",
      "beforeHooks": [],
      "afterHooks": [],
      "tests": [],
      "suites": [
        {
          "uuid": "9108814a-eeb0-46f5-bc30-0ddf2a542670",
          "title": "Tranquilo Matcha Search Functionality",
          "fullFile": "",
          "file": "",
          "beforeHooks": [],
          "afterHooks": [],
          "tests": [
            {
              "title": "should display the search bar",
              "fullTitle": "Tranquilo Matcha Search Functionality should display the search bar",
              "timedOut": null,
              "duration": 1355,
              "state": "passed",
              "speed": "fast",
              "pass": true,
              "fail": false,
              "pending": false,
              "context": null,
              "code": "cy.get(_selectors.Selectors.searchBar, {\n  timeout: 10000\n}).should('be.visible').then(() => {\n  cy.log('✅ Search bar is visible');\n});\ncy.pause(); // Pause here to inspect if the test is failing",
              "err": {},
              "uuid": "bcfa6e20-3578-4d2a-b665-afae897719b2",
              "parentUUID": "9108814a-eeb0-46f5-bc30-0ddf2a542670",
              "isHook": false,
              "skipped": false
            },
            {
              "title": "should allow users to search for a product",
              "fullTitle": "Tranquilo Matcha Search Functionality should allow users to search for a product",
              "timedOut": null,
              "duration": 2239,
              "state": "passed",
              "speed": "fast",
              "pass": true,
              "fail": false,
              "pending": false,
              "context": null,
              "code": "searchTerms.forEach(term => {\n  cy.get(_selectors.Selectors.searchBar, {\n    timeout: 10000\n  }).should('be.visible').then(() => {\n    cy.log(`✅ Search bar is visible for search term \"${term}\"`);\n  });\n  cy.get(_selectors.Selectors.popupModal, {\n    timeout: 50000\n  }).type(`${searchTerms}{enter}`, {\n    delay: 200\n  });\n  cy.log(`🔎 Searching for \"${term}\"`);\n  cy.pause();\n});",
              "err": {},
              "uuid": "5f5b8782-9cb1-4caa-ae61-401654f19172",
              "parentUUID": "9108814a-eeb0-46f5-bc30-0ddf2a542670",
              "isHook": false,
              "skipped": false
            },
            {
              "title": "should display the list of search results",
              "fullTitle": "Tranquilo Matcha Search Functionality should display the list of search results",
              "timedOut": null,
              "duration": 1433,
              "state": "passed",
              "speed": "fast",
              "pass": true,
              "fail": false,
              "pending": false,
              "context": null,
              "code": "searchTerms.forEach(term => {\n  cy.get(_selectors.Selectors.searchBar, {\n    timeout: 10000\n  }).should('be.visible');\n  cy.get(_selectors.Selectors.popupModal, {\n    timeout: 50000\n  }).type(`${searchTerms}{enter}`);\n  cy.get(_selectors.Selectors.searchResultsList, {\n    timeout: 20000\n  }).should('have.length.greaterThan', 0).then(results => {\n    cy.log(`✅ Search results for \"${term}\" displayed, count: ${results.length}`);\n  });\n  cy.pause(); // Pause here to inspect the results\n});",
              "err": {},
              "uuid": "95fd44e7-50d4-434c-949d-f3cf11e2c7c0",
              "parentUUID": "9108814a-eeb0-46f5-bc30-0ddf2a542670",
              "isHook": false,
              "skipped": false
            },
            {
              "title": "should navigate to the product page",
              "fullTitle": "Tranquilo Matcha Search Functionality should navigate to the product page",
              "timedOut": null,
              "duration": 2267,
              "state": "passed",
              "speed": "fast",
              "pass": true,
              "fail": false,
              "pending": false,
              "context": null,
              "code": "searchTerms.forEach(term => {\n  cy.get(_selectors.Selectors.searchBar, {\n    timeout: 10000\n  }).should('be.visible');\n  cy.get(_selectors.Selectors.popupModal, {\n    timeout: 50000\n  }).type(`${searchTerms}{enter}`);\n  cy.get(_selectors.Selectors.firstSearchResult, {\n    timeout: 50000\n  }).should('be.visible', {\n    timeout: 50000\n  }).click().then(() => {\n    cy.log(`✅ Clicked first search result for \"${term}\"`);\n  });\n  cy.url().should('include', '/products/').then(() => {\n    cy.log(`✅ Successfully navigated to product page for \"${term}\"`);\n  });\n  cy.pause();\n});",
              "err": {},
              "uuid": "efadb74c-19e1-4ff3-aff6-1590d57ddecc",
              "parentUUID": "9108814a-eeb0-46f5-bc30-0ddf2a542670",
              "isHook": false,
              "skipped": false
            }
          ],
          "suites": [],
          "passes": [
            "bcfa6e20-3578-4d2a-b665-afae897719b2",
            "5f5b8782-9cb1-4caa-ae61-401654f19172",
            "95fd44e7-50d4-434c-949d-f3cf11e2c7c0",
            "efadb74c-19e1-4ff3-aff6-1590d57ddecc"
          ],
          "failures": [],
          "pending": [],
          "skipped": [],
          "duration": 7294,
          "root": false,
          "rootEmpty": false,
          "_timeout": 2000
        }
      ],
      "passes": [],
      "failures": [],
      "pending": [],
      "skipped": [],
      "duration": 0,
      "root": true,
      "rootEmpty": true,
      "_timeout": 2000
    }
  ],
  "meta": {
    "mocha": {
      "version": "7.0.1"
    },
    "mochawesome": {
      "options": {
        "quiet": false,
        "reportFilename": "mochawesome",
        "saveHtml": true,
        "saveJson": true,
        "consoleReporter": "spec",
        "useInlineDiffs": false,
        "code": true
      },
      "version": "7.1.3"
    },
    "marge": {
      "options": {
        "reportDir": "cypress/reports",
        "overwrite": false,
        "html": true,
        "json": true
      },
      "version": "6.2.0"
    }
  }
}