{
  "stats": {
    "suites": 1,
    "tests": 2,
    "passes": 1,
    "pending": 0,
    "failures": 1,
    "start": "2024-11-20T13:10:51.454Z",
    "end": "2024-11-20T13:10:54.515Z",
    "duration": 3061,
    "testsRegistered": 2,
    "passPercent": 50,
    "pendingPercent": 0,
    "other": 0,
    "hasOther": false,
    "skipped": 0,
    "hasSkipped": false
  },
  "results": [
    {
      "uuid": "449c25a1-fc1b-4050-b377-a15258c6f866",
      "title": "",
      "fullFile": "cypress/e2e/search.cy.js",
      "file": "cypress/e2e/search.cy.js",
      "beforeHooks": [],
      "afterHooks": [],
      "tests": [],
      "suites": [
        {
          "uuid": "15c433b4-1664-4cbc-a0c5-991d0f8f9a86",
          "title": "Tranquilo Matcha Search Functionality",
          "fullFile": "",
          "file": "",
          "beforeHooks": [],
          "afterHooks": [],
          "tests": [
            {
              "title": "should display the search bar",
              "fullTitle": "Tranquilo Matcha Search Functionality should display the search bar",
              "timedOut": null,
              "duration": 812,
              "state": "passed",
              "speed": "fast",
              "pass": true,
              "fail": false,
              "pending": false,
              "context": null,
              "code": "cy.get(_selectors.Selectors.searchBar, {\n  timeout: 100000\n}).should('be.visible').then(() => {\n  cy.log('✅ Search bar is visible');\n});\ncy.pause(); // Pause here to inspect if the test is failing",
              "err": {},
              "uuid": "fe2fd73a-cf3b-4d4a-81f9-5d43db7b8701",
              "parentUUID": "15c433b4-1664-4cbc-a0c5-991d0f8f9a86",
              "isHook": false,
              "skipped": false
            },
            {
              "title": "should allow users to search for a product",
              "fullTitle": "Tranquilo Matcha Search Functionality should allow users to search for a product",
              "timedOut": null,
              "duration": 689,
              "state": "failed",
              "speed": null,
              "pass": false,
              "fail": true,
              "pending": false,
              "context": null,
              "code": "searchTerms.forEach(term => {\n  cy.get(_selectors.Selectors.searchBar, {\n    timeout: 200000\n  }).should('be.visible').then(() => {\n    cy.log(`✅ Search bar is visible for search term \"${term}\"`);\n  });\n  cy.get(_selectors.Selectors.popupModal, {\n    timeout: 500000\n  }).type(`${searchTerm}{enter}`);\n  cy.log(`🔎 Searching for \"${term}\"`);\n  cy.pause();\n});",
              "err": {
                "message": "ReferenceError: searchTerm is not defined",
                "estack": "ReferenceError: searchTerm is not defined\n    at eval (webpack://shopify/./cypress/e2e/search.cy.js:42:19)\n    at Context.eval (webpack://shopify/./cypress/e2e/search.cy.js:35:16)",
                "diff": null
              },
              "uuid": "0051d9c4-5741-4a52-9247-d90b6a2b0b0b",
              "parentUUID": "15c433b4-1664-4cbc-a0c5-991d0f8f9a86",
              "isHook": false,
              "skipped": false
            }
          ],
          "suites": [],
          "passes": [
            "fe2fd73a-cf3b-4d4a-81f9-5d43db7b8701"
          ],
          "failures": [
            "0051d9c4-5741-4a52-9247-d90b6a2b0b0b"
          ],
          "pending": [],
          "skipped": [],
          "duration": 1501,
          "root": false,
          "rootEmpty": false,
          "_timeout": 2000
        }
      ],
      "passes": [],
      "failures": [],
      "pending": [],
      "skipped": [],
      "duration": 0,
      "root": true,
      "rootEmpty": true,
      "_timeout": 2000
    }
  ],
  "meta": {
    "mocha": {
      "version": "7.0.1"
    },
    "mochawesome": {
      "options": {
        "quiet": false,
        "reportFilename": "mochawesome",
        "saveHtml": true,
        "saveJson": true,
        "consoleReporter": "spec",
        "useInlineDiffs": false,
        "code": true
      },
      "version": "7.1.3"
    },
    "marge": {
      "options": {
        "reportDir": "cypress/reports",
        "overwrite": false,
        "html": true,
        "json": true
      },
      "version": "6.2.0"
    }
  }
}