{
  "stats": {
    "suites": 1,
    "tests": 5,
    "passes": 5,
    "pending": 0,
    "failures": 0,
    "start": "2024-11-21T16:12:14.622Z",
    "end": "2024-11-21T16:12:28.875Z",
    "duration": 14253,
    "testsRegistered": 5,
    "passPercent": 100,
    "pendingPercent": 0,
    "other": 0,
    "hasOther": false,
    "skipped": 0,
    "hasSkipped": false
  },
  "results": [
    {
      "uuid": "cbe38c50-02b5-4fcf-894d-665321e76263",
      "title": "",
      "fullFile": "cypress/e2e/cart.cy.js",
      "file": "cypress/e2e/cart.cy.js",
      "beforeHooks": [],
      "afterHooks": [],
      "tests": [],
      "suites": [
        {
          "uuid": "a6f46873-db1d-46fb-bfc3-09404ec8d239",
          "title": "Tranquilo Matcha Cart Functionality",
          "fullFile": "",
          "file": "",
          "beforeHooks": [],
          "afterHooks": [],
          "tests": [
            {
              "title": "should allow users to navigate to the cart",
              "fullTitle": "Tranquilo Matcha Cart Functionality should allow users to navigate to the cart",
              "timedOut": null,
              "duration": 1808,
              "state": "passed",
              "speed": "fast",
              "pass": true,
              "fail": false,
              "pending": false,
              "context": null,
              "code": "cy.visit('/cart');\ncy.get(_selectors.Selectors.cartItem, {\n  timeout: 10000\n}).should('have.length', 0).then(() => {\n  cy.log('✅ Cart is empty on the first visit');\n});\ncy.pause();",
              "err": {},
              "uuid": "06bdc61f-5f09-4c3f-9c18-7582b4c347db",
              "parentUUID": "a6f46873-db1d-46fb-bfc3-09404ec8d239",
              "isHook": false,
              "skipped": false
            },
            {
              "title": "should allow users to add a product to the cart",
              "fullTitle": "Tranquilo Matcha Cart Functionality should allow users to add a product to the cart",
              "timedOut": null,
              "duration": 1948,
              "state": "passed",
              "speed": "fast",
              "pass": true,
              "fail": false,
              "pending": false,
              "context": null,
              "code": "cy.get(_selectors.Selectors.searchBar, {\n  timeout: 10000\n}).should('be.visible');\n// Iterate over each search term from fixture data\nsearchTerms.forEach(searchTerms => {\n  cy.get(_selectors.Selectors.popupModal, {\n    timeout: 10000\n  }).type(`${searchTerms}{enter}`);\n  cy.log(`Searched for product: ${searchTerms}`);\n  cy.get(_selectors.Selectors.searchResultsList, {\n    timeout: 10000\n  }).first().click().then(() => {\n    cy.log('✅ Selected the first product from search results');\n  });\n  cy.get(_selectors.Selectors.productAddToCartButton, {\n    timeout: 10000\n  }).should('be.visible').click().then(() => {\n    cy.log('✅ Product added to cart');\n  });\n});\ncy.pause();",
              "err": {},
              "uuid": "6f5ef4c7-2b7b-4a01-bfe9-7d63f81ca2f4",
              "parentUUID": "a6f46873-db1d-46fb-bfc3-09404ec8d239",
              "isHook": false,
              "skipped": false
            },
            {
              "title": "should display the Added to Cart notification",
              "fullTitle": "Tranquilo Matcha Cart Functionality should display the Added to Cart notification",
              "timedOut": null,
              "duration": 2649,
              "state": "passed",
              "speed": "fast",
              "pass": true,
              "fail": false,
              "pending": false,
              "context": null,
              "code": "cy.get(_selectors.Selectors.searchBar, {\n  timeout: 10000\n}).should('be.visible');\n// Iterate over each search term from fixture data\nsearchTerms.forEach(searchTerms => {\n  cy.get(_selectors.Selectors.popupModal, {\n    timeout: 10000\n  }).type(`${searchTerms}{enter}`);\n  cy.log(`Searched for product: ${searchTerms}`);\n  cy.get(_selectors.Selectors.searchResultsList, {\n    timeout: 10000\n  }).first().click().then(() => {\n    cy.log('✅ Selected the first product from search results');\n  });\n  cy.get(_selectors.Selectors.productAddToCartButton, {\n    timeout: 10000\n  }).should('be.visible').click().then(() => {\n    cy.log('✅ Product added to cart');\n  });\n  // Verify the \"Added to Cart Notification\" detail Popup\n  cy.get(_selectors.Selectors.addedToCartModal, {\n    timeout: 15000\n  }).should('be.visible').then(() => {\n    cy.log('✅ \"Added to Cart\" notification displayed');\n  });\n});\ncy.pause();",
              "err": {},
              "uuid": "1b2afb73-9900-478e-9a69-811fad54f79b",
              "parentUUID": "a6f46873-db1d-46fb-bfc3-09404ec8d239",
              "isHook": false,
              "skipped": false
            },
            {
              "title": "should display the cart icon with added products",
              "fullTitle": "Tranquilo Matcha Cart Functionality should display the cart icon with added products",
              "timedOut": null,
              "duration": 2364,
              "state": "passed",
              "speed": "fast",
              "pass": true,
              "fail": false,
              "pending": false,
              "context": null,
              "code": "cy.get(_selectors.Selectors.searchBar, {\n  timeout: 10000\n}).should('be.visible');\n// Iterate over each search term from fixture data\nsearchTerms.forEach(searchTerms => {\n  cy.get(_selectors.Selectors.popupModal, {\n    timeout: 10000\n  }).type(`${searchTerms}{enter}`);\n  cy.log(`Searched for product: ${searchTerms}`);\n  cy.get(_selectors.Selectors.searchResultsList, {\n    timeout: 10000\n  }).first().click().then(() => {\n    cy.log('✅ Selected the first product from search results');\n  });\n  cy.get(_selectors.Selectors.productAddToCartButton, {\n    timeout: 10000\n  }).scrollIntoView().should('be.visible').click().then(() => {\n    cy.log('✅ Product added to cart');\n  });\n  // Wait for the cart count to update and assert it has increased\n  cy.get(_selectors.Selectors.cartIconBubble, {\n    timeout: 10000\n  }).should('be.visible') // Ensure the cart icon is visible\n  .should('not.have.text', '0').then(() => {\n    cy.log('✅ Cart icon updated with added product count');\n  });\n});\ncy.pause(); // Pause to inspect the cart icon update",
              "err": {},
              "uuid": "535af21d-6f53-48a5-9391-7cae1195e8aa",
              "parentUUID": "a6f46873-db1d-46fb-bfc3-09404ec8d239",
              "isHook": false,
              "skipped": false
            },
            {
              "title": "should display the cart with added products",
              "fullTitle": "Tranquilo Matcha Cart Functionality should display the cart with added products",
              "timedOut": null,
              "duration": 4883,
              "state": "passed",
              "speed": "fast",
              "pass": true,
              "fail": false,
              "pending": false,
              "context": null,
              "code": "cy.get(_selectors.Selectors.searchBar, {\n  timeout: 10000\n}).should('be.visible');\n// Iterate over each search term from fixture data\nsearchTerms.forEach(searchTerms => {\n  cy.get(_selectors.Selectors.popupModal, {\n    timeout: 10000\n  }).type(`${searchTerms}{enter}`);\n  cy.log(`Searched for product: ${searchTerms}`);\n  cy.get(_selectors.Selectors.searchResultsList, {\n    timeout: 10000\n  }).first().click().then(() => {\n    cy.log('✅ Selected the last product from search results');\n  });\n  cy.get(_selectors.Selectors.productAddToCartButton, {\n    timeout: 10000\n  }).scrollIntoView().should('be.visible').click();\n});\n// Wait for the \"Add to Cart\" button to be visible and then click it again for a second product\ncy.get(_selectors.Selectors.productAddToCartButton, {\n  timeout: 10000\n}).scrollIntoView().should('be.visible').click().then(() => {\n  cy.log('✅ Product added to cart');\n});\n// Wait for the cart count to update and assert it has increased\ncy.get(_selectors.Selectors.cartIconBubble, {\n  timeout: 10000\n}).should('be.visible') // Ensure the cart icon is visible\n.should('not.have.text', '0').click().then(() => {\n  cy.log('✅ Navigated to cart to view added products');\n});\ncy.pause();",
              "err": {},
              "uuid": "5a4dd802-3034-407f-83b0-f19ed8fcc3bc",
              "parentUUID": "a6f46873-db1d-46fb-bfc3-09404ec8d239",
              "isHook": false,
              "skipped": false
            }
          ],
          "suites": [],
          "passes": [
            "06bdc61f-5f09-4c3f-9c18-7582b4c347db",
            "6f5ef4c7-2b7b-4a01-bfe9-7d63f81ca2f4",
            "1b2afb73-9900-478e-9a69-811fad54f79b",
            "535af21d-6f53-48a5-9391-7cae1195e8aa",
            "5a4dd802-3034-407f-83b0-f19ed8fcc3bc"
          ],
          "failures": [],
          "pending": [],
          "skipped": [],
          "duration": 13652,
          "root": false,
          "rootEmpty": false,
          "_timeout": 2000
        }
      ],
      "passes": [],
      "failures": [],
      "pending": [],
      "skipped": [],
      "duration": 0,
      "root": true,
      "rootEmpty": true,
      "_timeout": 2000
    }
  ],
  "meta": {
    "mocha": {
      "version": "7.0.1"
    },
    "mochawesome": {
      "options": {
        "quiet": false,
        "reportFilename": "mochawesome",
        "saveHtml": true,
        "saveJson": true,
        "consoleReporter": "spec",
        "useInlineDiffs": false,
        "code": true
      },
      "version": "7.1.3"
    },
    "marge": {
      "options": {
        "reportDir": "cypress/reports",
        "overwrite": false,
        "html": true,
        "json": true
      },
      "version": "6.2.0"
    }
  }
}