{
  "stats": {
    "suites": 1,
    "tests": 5,
    "passes": 5,
    "pending": 0,
    "failures": 0,
    "start": "2024-11-21T16:14:42.055Z",
    "end": "2024-11-21T16:14:47.672Z",
    "duration": 5617,
    "testsRegistered": 5,
    "passPercent": 100,
    "pendingPercent": 0,
    "other": 0,
    "hasOther": false,
    "skipped": 0,
    "hasSkipped": false
  },
  "results": [
    {
      "uuid": "0b56e3d2-a22a-44e1-ad4d-d1f1123ede63",
      "title": "",
      "fullFile": "cypress/e2e/Home.cy.js",
      "file": "cypress/e2e/Home.cy.js",
      "beforeHooks": [],
      "afterHooks": [],
      "tests": [],
      "suites": [
        {
          "uuid": "6a3cbff6-24cc-423e-a453-6760d2758249",
          "title": "Homepage and Navigation Tests",
          "fullFile": "",
          "file": "",
          "beforeHooks": [],
          "afterHooks": [],
          "tests": [
            {
              "title": "should load the homepage successfully",
              "fullTitle": "Homepage and Navigation Tests should load the homepage successfully",
              "timedOut": null,
              "duration": 1529,
              "state": "passed",
              "speed": "fast",
              "pass": true,
              "fail": false,
              "pending": false,
              "context": null,
              "code": "// Ensure the homepage logo is visible, indicating the page has loaded\ncy.get(_selectors.Selectors.logo, {\n  timeout: 10000\n}) // Added timeout\n.should('be.visible').then(() => {\n  try {\n    cy.log('✅ Home page is visible successfully');\n  } catch (error) {\n    cy.log('❌ Failed to verify homepage visibility');\n    throw error; // Rethrow the error to fail the test\n  }\n});\ncy.pause();",
              "err": {},
              "uuid": "a45f1301-dbf5-4915-8826-a6563bb86ac8",
              "parentUUID": "6a3cbff6-24cc-423e-a453-6760d2758249",
              "isHook": false,
              "skipped": false
            },
            {
              "title": "should display the search input",
              "fullTitle": "Homepage and Navigation Tests should display the search input",
              "timedOut": null,
              "duration": 746,
              "state": "passed",
              "speed": "fast",
              "pass": true,
              "fail": false,
              "pending": false,
              "context": null,
              "code": "// Check that the search bar is visible\ncy.get(_selectors.Selectors.searchBar, {\n  timeout: 10000\n}) // Added timeout\n.should('be.visible').then(() => {\n  try {\n    cy.log('✅ Search input is visible');\n  } catch (error) {\n    cy.log('❌ Failed to verify search input visibility');\n    throw error;\n  }\n});\ncy.pause(); // Pause to inspect the search bar visibility",
              "err": {},
              "uuid": "a80a9a80-2a56-4f70-bad2-77687d31937e",
              "parentUUID": "6a3cbff6-24cc-423e-a453-6760d2758249",
              "isHook": false,
              "skipped": false
            },
            {
              "title": "should navigate to the Shop page when tab is clicked",
              "fullTitle": "Homepage and Navigation Tests should navigate to the Shop page when tab is clicked",
              "timedOut": null,
              "duration": 1064,
              "state": "passed",
              "speed": "fast",
              "pass": true,
              "fail": false,
              "pending": false,
              "context": null,
              "code": "// Click on the Shop navigation tab\ncy.get(_selectors.Selectors.navTabs, {\n  timeout: 10000\n}).click().then(() => {\n  try {\n    cy.log('✅ Clicked on the Shop navigation tab');\n  } catch (error) {\n    cy.log('❌ Failed to click on the Shop navigation tab');\n    throw error;\n  }\n});\n// Verify the URL\ncy.url({\n  timeout: 10000\n}).should('include', 'shop').then(() => {\n  try {\n    cy.log('✅ Successfully navigated to the Shop page');\n  } catch (error) {\n    cy.log('❌ Failed to verify navigation to the Shop page');\n    throw error;\n  }\n});\ncy.pause();",
              "err": {},
              "uuid": "da301859-8baf-4d69-9dd7-1470b9dfa9ef",
              "parentUUID": "6a3cbff6-24cc-423e-a453-6760d2758249",
              "isHook": false,
              "skipped": false
            },
            {
              "title": "should load more content when scrolling down",
              "fullTitle": "Homepage and Navigation Tests should load more content when scrolling down",
              "timedOut": null,
              "duration": 784,
              "state": "passed",
              "speed": "fast",
              "pass": true,
              "fail": false,
              "pending": false,
              "context": null,
              "code": "// Scroll to the bottom of the page to trigger more content loading\ncy.scrollTo('bottom', {\n  timeout: 10000\n}).then(() => {\n  try {\n    cy.log('✅ Scrolled to the bottom to load more content');\n  } catch (error) {\n    cy.log('❌ Failed to scroll to the bottom');\n    throw error;\n  }\n});\ncy.pause();",
              "err": {},
              "uuid": "42002466-bbb5-491f-99e7-1b3c429da345",
              "parentUUID": "6a3cbff6-24cc-423e-a453-6760d2758249",
              "isHook": false,
              "skipped": false
            },
            {
              "title": "should be able to navigate to different pages",
              "fullTitle": "Homepage and Navigation Tests should be able to navigate to different pages",
              "timedOut": null,
              "duration": 1350,
              "state": "passed",
              "speed": "fast",
              "pass": true,
              "fail": false,
              "pending": false,
              "context": null,
              "code": "// Click on a navigation tab and verify the URL\ncy.get(_selectors.Selectors.navTabs, {\n  timeout: 10000\n}).click().then(() => {\n  try {\n    cy.log('✅ Clicked on the navigation tab');\n  } catch (error) {\n    cy.log('❌ Failed to click on the navigation tab');\n    throw error;\n  }\n});\ncy.url({\n  timeout: 10000\n}).should('include', '/collections/shop').then(() => {\n  try {\n    cy.log('✅ Successfully navigated to the collections/shop page');\n  } catch (error) {\n    cy.log('❌ Failed to verify navigation to collections/shop page');\n    throw error;\n  }\n});\n// Navigate back to the previous page (homepage)\ncy.go('back', {\n  timeout: 10000\n}).then(() => {\n  try {\n    cy.log('✅ Navigated back to the homepage');\n  } catch (error) {\n    cy.log('❌ Failed to navigate back to the homepage');\n    throw error;\n  }\n});\ncy.pause();",
              "err": {},
              "uuid": "83b2518d-0ed1-425b-9f17-444d91cfb5e0",
              "parentUUID": "6a3cbff6-24cc-423e-a453-6760d2758249",
              "isHook": false,
              "skipped": false
            }
          ],
          "suites": [],
          "passes": [
            "a45f1301-dbf5-4915-8826-a6563bb86ac8",
            "a80a9a80-2a56-4f70-bad2-77687d31937e",
            "da301859-8baf-4d69-9dd7-1470b9dfa9ef",
            "42002466-bbb5-491f-99e7-1b3c429da345",
            "83b2518d-0ed1-425b-9f17-444d91cfb5e0"
          ],
          "failures": [],
          "pending": [],
          "skipped": [],
          "duration": 5473,
          "root": false,
          "rootEmpty": false,
          "_timeout": 2000
        }
      ],
      "passes": [],
      "failures": [],
      "pending": [],
      "skipped": [],
      "duration": 0,
      "root": true,
      "rootEmpty": true,
      "_timeout": 2000
    }
  ],
  "meta": {
    "mocha": {
      "version": "7.0.1"
    },
    "mochawesome": {
      "options": {
        "quiet": false,
        "reportFilename": "mochawesome",
        "saveHtml": true,
        "saveJson": true,
        "consoleReporter": "spec",
        "useInlineDiffs": false,
        "code": true
      },
      "version": "7.1.3"
    },
    "marge": {
      "options": {
        "reportDir": "cypress/reports",
        "overwrite": false,
        "html": true,
        "json": true
      },
      "version": "6.2.0"
    }
  }
}