{
  "stats": {
    "suites": 1,
    "tests": 5,
    "passes": 5,
    "pending": 0,
    "failures": 0,
    "start": "2024-11-20T14:23:10.087Z",
    "end": "2024-11-20T14:23:23.928Z",
    "duration": 13841,
    "testsRegistered": 5,
    "passPercent": 100,
    "pendingPercent": 0,
    "other": 0,
    "hasOther": false,
    "skipped": 0,
    "hasSkipped": false
  },
  "results": [
    {
      "uuid": "a610c044-0540-4441-9634-2c1de5bca223",
      "title": "",
      "fullFile": "cypress/e2e/cart.cy.js",
      "file": "cypress/e2e/cart.cy.js",
      "beforeHooks": [],
      "afterHooks": [],
      "tests": [],
      "suites": [
        {
          "uuid": "e379359f-53b3-491e-b76d-96bfe3b156b3",
          "title": "Tranquilo Matcha Cart Functionality",
          "fullFile": "",
          "file": "",
          "beforeHooks": [],
          "afterHooks": [],
          "tests": [
            {
              "title": "should allow users to navigate to the cart",
              "fullTitle": "Tranquilo Matcha Cart Functionality should allow users to navigate to the cart",
              "timedOut": null,
              "duration": 1848,
              "state": "passed",
              "speed": "fast",
              "pass": true,
              "fail": false,
              "pending": false,
              "context": null,
              "code": "cy.visit('/cart');\ncy.get(_selectors.Selectors.cartItem, {\n  timeout: 10000\n}) // Explicit timeout for critical element\n.should('have.length', 0);",
              "err": {},
              "uuid": "2f33120e-91ee-413c-9c77-f7fe312b837f",
              "parentUUID": "e379359f-53b3-491e-b76d-96bfe3b156b3",
              "isHook": false,
              "skipped": false
            },
            {
              "title": "should allow users to add a product to the cart",
              "fullTitle": "Tranquilo Matcha Cart Functionality should allow users to add a product to the cart",
              "timedOut": null,
              "duration": 2411,
              "state": "passed",
              "speed": "fast",
              "pass": true,
              "fail": false,
              "pending": false,
              "context": null,
              "code": "// Iterate over each search term from fixture data\nsearchTerms.forEach(searchTerm => {\n  // Search for a product using the search modal\n  cy.get(_selectors.Selectors.popupModal, {\n    timeout: 10000\n  }).type(`${searchTerm}{enter}`);\n  // Select the first product from the search results dropdown\n  cy.get(_selectors.Selectors.searchResultsList, {\n    timeout: 10000\n  }).first().click();\n  // Wait for the \"Add to Cart\" button to be visible and then click it\n  cy.get(_selectors.Selectors.productAddToCartButton, {\n    timeout: 1000\n  }).scrollIntoView().should('be.visible').click();\n});",
              "err": {},
              "uuid": "895baa71-f94f-4a56-a4e3-d446735e0ea9",
              "parentUUID": "e379359f-53b3-491e-b76d-96bfe3b156b3",
              "isHook": false,
              "skipped": false
            },
            {
              "title": "should display the Added to Cart notification",
              "fullTitle": "Tranquilo Matcha Cart Functionality should display the Added to Cart notification",
              "timedOut": null,
              "duration": 2534,
              "state": "passed",
              "speed": "fast",
              "pass": true,
              "fail": false,
              "pending": false,
              "context": null,
              "code": "// Iterate over each search term from fixture data\nsearchTerms.forEach(searchTerm => {\n  cy.get(_selectors.Selectors.popupModal, {\n    timeout: 10000\n  }).type(`${searchTerm}{enter}`);\n  cy.get(_selectors.Selectors.searchResultsList, {\n    timeout: 10000\n  }).first().click();\n  cy.get(_selectors.Selectors.productAddToCartButton, {\n    timeout: 15000\n  }).should('be.visible').click();\n  // Verify the \"Added to Cart Notification\" detail Popup\n  cy.get(_selectors.Selectors.addedToCartModal, {\n    timeout: 15000\n  }).should('be.visible');\n});",
              "err": {},
              "uuid": "df71fb90-efed-468b-8891-dbd322985fb4",
              "parentUUID": "e379359f-53b3-491e-b76d-96bfe3b156b3",
              "isHook": false,
              "skipped": false
            },
            {
              "title": "should display the cart icon with added products",
              "fullTitle": "Tranquilo Matcha Cart Functionality should display the cart icon with added products",
              "timedOut": null,
              "duration": 2509,
              "state": "passed",
              "speed": "fast",
              "pass": true,
              "fail": false,
              "pending": false,
              "context": null,
              "code": "// Iterate over each search term from fixture data\nsearchTerms.forEach(searchTerm => {\n  cy.get(_selectors.Selectors.popupModal, {\n    timeout: 10000\n  }).type(`${searchTerm}{enter}`);\n  cy.get(_selectors.Selectors.searchResultsList, {\n    timeout: 10000\n  }).first().click();\n  cy.get(_selectors.Selectors.productAddToCartButton, {\n    timeout: 10000\n  }).scrollIntoView().should('be.visible').click();\n  // Wait for the cart count to update and assert it has increased\n  cy.get(_selectors.Selectors.cartIconBubble, {\n    timeout: 10000\n  }).should('be.visible') // Ensure the cart icon is visible\n  .should('not.have.text', '0');\n});",
              "err": {},
              "uuid": "98d4553a-06c8-427c-a46a-506379e145c9",
              "parentUUID": "e379359f-53b3-491e-b76d-96bfe3b156b3",
              "isHook": false,
              "skipped": false
            },
            {
              "title": "should display the cart with added products",
              "fullTitle": "Tranquilo Matcha Cart Functionality should display the cart with added products",
              "timedOut": null,
              "duration": 3906,
              "state": "passed",
              "speed": "fast",
              "pass": true,
              "fail": false,
              "pending": false,
              "context": null,
              "code": "// Iterate over each search term from fixture data\nsearchTerms.forEach(searchTerm => {\n  cy.get(_selectors.Selectors.popupModal, {\n    timeout: 10000\n  }).type(`${searchTerm}{enter}`);\n  cy.get(_selectors.Selectors.searchResultsList, {\n    timeout: 10000\n  }).last().click();\n  cy.get(_selectors.Selectors.productAddToCartButton, {\n    timeout: 10000\n  }).scrollIntoView().should('be.visible').click();\n  // Wait for the \"Add to Cart\" button to be visible and then click it\n  cy.get(_selectors.Selectors.productAddToCartButton, {\n    timeout: 10000\n  }).scrollIntoView().should('be.visible').click();\n  // Wait for the cart count to update and assert it has increased\n  cy.get(_selectors.Selectors.cartIconBubble, {\n    timeout: 10000\n  }).should('be.visible') // Ensure the cart icon is visible\n  .should('not.have.text', '0').click();\n});",
              "err": {},
              "uuid": "2364bc6a-2e86-47aa-9dfe-9a8df31f620d",
              "parentUUID": "e379359f-53b3-491e-b76d-96bfe3b156b3",
              "isHook": false,
              "skipped": false
            }
          ],
          "suites": [],
          "passes": [
            "2f33120e-91ee-413c-9c77-f7fe312b837f",
            "895baa71-f94f-4a56-a4e3-d446735e0ea9",
            "df71fb90-efed-468b-8891-dbd322985fb4",
            "98d4553a-06c8-427c-a46a-506379e145c9",
            "2364bc6a-2e86-47aa-9dfe-9a8df31f620d"
          ],
          "failures": [],
          "pending": [],
          "skipped": [],
          "duration": 13208,
          "root": false,
          "rootEmpty": false,
          "_timeout": 2000
        }
      ],
      "passes": [],
      "failures": [],
      "pending": [],
      "skipped": [],
      "duration": 0,
      "root": true,
      "rootEmpty": true,
      "_timeout": 2000
    }
  ],
  "meta": {
    "mocha": {
      "version": "7.0.1"
    },
    "mochawesome": {
      "options": {
        "quiet": false,
        "reportFilename": "mochawesome",
        "saveHtml": true,
        "saveJson": true,
        "consoleReporter": "spec",
        "useInlineDiffs": false,
        "code": true
      },
      "version": "7.1.3"
    },
    "marge": {
      "options": {
        "reportDir": "cypress/reports",
        "overwrite": false,
        "html": true,
        "json": true
      },
      "version": "6.2.0"
    }
  }
}