{
  "stats": {
    "suites": 1,
    "tests": 5,
    "passes": 5,
    "pending": 0,
    "failures": 0,
    "start": "2024-11-20T14:19:23.715Z",
    "end": "2024-11-20T14:19:31.308Z",
    "duration": 7593,
    "testsRegistered": 5,
    "passPercent": 100,
    "pendingPercent": 0,
    "other": 0,
    "hasOther": false,
    "skipped": 0,
    "hasSkipped": false
  },
  "results": [
    {
      "uuid": "7ec2968d-d1bd-4ee3-a213-76f8e879b7aa",
      "title": "",
      "fullFile": "cypress/e2e/Home.cy.js",
      "file": "cypress/e2e/Home.cy.js",
      "beforeHooks": [],
      "afterHooks": [],
      "tests": [],
      "suites": [
        {
          "uuid": "cb467e4b-14a5-49a9-8566-c8f663b03bb3",
          "title": "Homepage and Navigation Tests",
          "fullFile": "",
          "file": "",
          "beforeHooks": [],
          "afterHooks": [],
          "tests": [
            {
              "title": "should load the homepage successfully",
              "fullTitle": "Homepage and Navigation Tests should load the homepage successfully",
              "timedOut": null,
              "duration": 2208,
              "state": "passed",
              "speed": "fast",
              "pass": true,
              "fail": false,
              "pending": false,
              "context": null,
              "code": "// Ensure the homepage logo is visible, indicating the page has loaded\ncy.get(_selectors.Selectors.logo, {\n  timeout: 10000\n}) // Added timeout\n.should('be.visible').then(() => {\n  cy.log('✅ Home page is visible successfully');\n});\ncy.pause();",
              "err": {},
              "uuid": "01c58f54-6dd6-4824-8dd0-af01d6669c3f",
              "parentUUID": "cb467e4b-14a5-49a9-8566-c8f663b03bb3",
              "isHook": false,
              "skipped": false
            },
            {
              "title": "should display the search input",
              "fullTitle": "Homepage and Navigation Tests should display the search input",
              "timedOut": null,
              "duration": 700,
              "state": "passed",
              "speed": "fast",
              "pass": true,
              "fail": false,
              "pending": false,
              "context": null,
              "code": "// Check that the search bar is visible\ncy.get(_selectors.Selectors.searchBar, {\n  timeout: 10000\n}) // Added timeout\n.should('be.visible').then(() => {\n  cy.log('✅ Search input is visible');\n});\ncy.pause(); // Pause to inspect the search bar visibility",
              "err": {},
              "uuid": "cd2b2f03-bca9-4f6b-ac52-c9ed2b9bcd9f",
              "parentUUID": "cb467e4b-14a5-49a9-8566-c8f663b03bb3",
              "isHook": false,
              "skipped": false
            },
            {
              "title": "should navigate to the Shop page when tab is clicked",
              "fullTitle": "Homepage and Navigation Tests should navigate to the Shop page when tab is clicked",
              "timedOut": null,
              "duration": 1304,
              "state": "passed",
              "speed": "fast",
              "pass": true,
              "fail": false,
              "pending": false,
              "context": null,
              "code": "// Click on the Shop navigation tab\ncy.get(_selectors.Selectors.navTabs, {\n  timeout: 10000\n}).click();\ncy.url({\n  timeout: 10000\n}).should('include', 'shop').then(() => {\n  cy.log('✅ Successfully navigated to the Shop page');\n});\ncy.pause();",
              "err": {},
              "uuid": "7dec524d-2d0e-4d2a-91c4-fdd7083ce6a6",
              "parentUUID": "cb467e4b-14a5-49a9-8566-c8f663b03bb3",
              "isHook": false,
              "skipped": false
            },
            {
              "title": "should load more content when scrolling down",
              "fullTitle": "Homepage and Navigation Tests should load more content when scrolling down",
              "timedOut": null,
              "duration": 724,
              "state": "passed",
              "speed": "fast",
              "pass": true,
              "fail": false,
              "pending": false,
              "context": null,
              "code": "// Scroll to the bottom of the page to trigger more content loading\ncy.scrollTo('bottom', {\n  timeout: 10000\n}).then(() => {\n  cy.log('✅ Scrolled to the bottom to load more content');\n});\ncy.pause();",
              "err": {},
              "uuid": "92844e1f-83d8-4969-a980-3e4cf3895b26",
              "parentUUID": "cb467e4b-14a5-49a9-8566-c8f663b03bb3",
              "isHook": false,
              "skipped": false
            },
            {
              "title": "should be able to navigate to different pages",
              "fullTitle": "Homepage and Navigation Tests should be able to navigate to different pages",
              "timedOut": null,
              "duration": 2524,
              "state": "passed",
              "speed": "fast",
              "pass": true,
              "fail": false,
              "pending": false,
              "context": null,
              "code": "// Click on a navigation tab and verify the URL\ncy.get(_selectors.Selectors.navTabs, {\n  timeout: 10000\n}).click();\ncy.url({\n  timeout: 10000\n}).should('include', '/collections/shop').then(() => {\n  cy.log('✅ Successfully navigated to the collections/shop page');\n});\n// Navigate back to the previous page (homepage)\ncy.go('back', {\n  timeout: 10000\n}).then(() => {\n  cy.log('✅ Navigated back to the homepage');\n});\ncy.pause();",
              "err": {},
              "uuid": "3f9ce143-52fb-4a10-a1c4-68ab36023a30",
              "parentUUID": "cb467e4b-14a5-49a9-8566-c8f663b03bb3",
              "isHook": false,
              "skipped": false
            }
          ],
          "suites": [],
          "passes": [
            "01c58f54-6dd6-4824-8dd0-af01d6669c3f",
            "cd2b2f03-bca9-4f6b-ac52-c9ed2b9bcd9f",
            "7dec524d-2d0e-4d2a-91c4-fdd7083ce6a6",
            "92844e1f-83d8-4969-a980-3e4cf3895b26",
            "3f9ce143-52fb-4a10-a1c4-68ab36023a30"
          ],
          "failures": [],
          "pending": [],
          "skipped": [],
          "duration": 7460,
          "root": false,
          "rootEmpty": false,
          "_timeout": 2000
        }
      ],
      "passes": [],
      "failures": [],
      "pending": [],
      "skipped": [],
      "duration": 0,
      "root": true,
      "rootEmpty": true,
      "_timeout": 2000
    }
  ],
  "meta": {
    "mocha": {
      "version": "7.0.1"
    },
    "mochawesome": {
      "options": {
        "quiet": false,
        "reportFilename": "mochawesome",
        "saveHtml": true,
        "saveJson": true,
        "consoleReporter": "spec",
        "useInlineDiffs": false,
        "code": true
      },
      "version": "7.1.3"
    },
    "marge": {
      "options": {
        "reportDir": "cypress/reports",
        "overwrite": false,
        "html": true,
        "json": true
      },
      "version": "6.2.0"
    }
  }
}