{
  "stats": {
    "suites": 1,
    "tests": 2,
    "passes": 1,
    "pending": 0,
    "failures": 1,
    "start": "2024-11-20T13:05:32.564Z",
    "end": "2024-11-20T13:05:36.144Z",
    "duration": 3580,
    "testsRegistered": 2,
    "passPercent": 50,
    "pendingPercent": 0,
    "other": 0,
    "hasOther": false,
    "skipped": 0,
    "hasSkipped": false
  },
  "results": [
    {
      "uuid": "074d2a3b-3f15-4f09-a470-eb77a0f61b01",
      "title": "",
      "fullFile": "cypress/e2e/search.cy.js",
      "file": "cypress/e2e/search.cy.js",
      "beforeHooks": [],
      "afterHooks": [],
      "tests": [],
      "suites": [
        {
          "uuid": "88a1864f-5b41-4f8c-80b7-61dc5bd8d935",
          "title": "Tranquilo Matcha Search Functionality",
          "fullFile": "",
          "file": "",
          "beforeHooks": [],
          "afterHooks": [],
          "tests": [
            {
              "title": "should display the search bar",
              "fullTitle": "Tranquilo Matcha Search Functionality should display the search bar",
              "timedOut": null,
              "duration": 853,
              "state": "passed",
              "speed": "fast",
              "pass": true,
              "fail": false,
              "pending": false,
              "context": null,
              "code": "cy.get(_selectors.Selectors.searchBar, {\n  timeout: 20000\n}).should('be.visible').then(() => {\n  cy.log('✅ Search bar is visible');\n});\ncy.pause(); // Pause here to inspect if the test is failing",
              "err": {},
              "uuid": "1248e38d-44ed-411c-ad08-32a4d06bbb97",
              "parentUUID": "88a1864f-5b41-4f8c-80b7-61dc5bd8d935",
              "isHook": false,
              "skipped": false
            },
            {
              "title": "should allow users to search for a product",
              "fullTitle": "Tranquilo Matcha Search Functionality should allow users to search for a product",
              "timedOut": null,
              "duration": 870,
              "state": "failed",
              "speed": null,
              "pass": false,
              "fail": true,
              "pending": false,
              "context": null,
              "code": "searchTerms.forEach(term => {\n  cy.get(_selectors.Selectors.searchBar, {\n    timeout: 20000\n  }).should('be.visible').then(() => {\n    cy.log(`✅ Search bar is visible for search term \"${term}\"`);\n  });\n  cy.get(_selectors.Selectors.popupModal, {\n    timeout: 10000\n  }).type(`${searchTerm}{enter}`);\n  cy.log(`🔎 Searching for \"${term}\"`);\n  cy.pause(); // Pause here to debug any potential issues with typing or search\n});",
              "err": {
                "message": "ReferenceError: searchTerm is not defined",
                "estack": "ReferenceError: searchTerm is not defined\n    at eval (webpack://shopify/./cypress/e2e/search.cy.js:43:19)\n    at Context.eval (webpack://shopify/./cypress/e2e/search.cy.js:36:16)",
                "diff": null
              },
              "uuid": "c8e541ee-b28e-4c99-bedb-88d7b771448f",
              "parentUUID": "88a1864f-5b41-4f8c-80b7-61dc5bd8d935",
              "isHook": false,
              "skipped": false
            }
          ],
          "suites": [],
          "passes": [
            "1248e38d-44ed-411c-ad08-32a4d06bbb97"
          ],
          "failures": [
            "c8e541ee-b28e-4c99-bedb-88d7b771448f"
          ],
          "pending": [],
          "skipped": [],
          "duration": 1723,
          "root": false,
          "rootEmpty": false,
          "_timeout": 2000
        }
      ],
      "passes": [],
      "failures": [],
      "pending": [],
      "skipped": [],
      "duration": 0,
      "root": true,
      "rootEmpty": true,
      "_timeout": 2000
    }
  ],
  "meta": {
    "mocha": {
      "version": "7.0.1"
    },
    "mochawesome": {
      "options": {
        "quiet": false,
        "reportFilename": "mochawesome",
        "saveHtml": true,
        "saveJson": true,
        "consoleReporter": "spec",
        "useInlineDiffs": false,
        "code": true
      },
      "version": "7.1.3"
    },
    "marge": {
      "options": {
        "reportDir": "cypress/reports",
        "overwrite": false,
        "html": true,
        "json": true
      },
      "version": "6.2.0"
    }
  }
}