{
  "stats": {
    "suites": 1,
    "tests": 4,
    "passes": 2,
    "pending": 0,
    "failures": 2,
    "start": "2024-11-20T14:43:12.714Z",
    "end": "2024-11-20T14:46:56.363Z",
    "duration": 223649,
    "testsRegistered": 4,
    "passPercent": 50,
    "pendingPercent": 0,
    "other": 0,
    "hasOther": false,
    "skipped": 0,
    "hasSkipped": false
  },
  "results": [
    {
      "uuid": "f20c8243-cc8e-4479-aa1f-b00a0c17daf0",
      "title": "",
      "fullFile": "cypress/e2e/search.cy.js",
      "file": "cypress/e2e/search.cy.js",
      "beforeHooks": [],
      "afterHooks": [],
      "tests": [],
      "suites": [
        {
          "uuid": "0fb9ab9a-9614-4d40-9b15-5ae1849a09bf",
          "title": "Tranquilo Matcha Search Functionality",
          "fullFile": "",
          "file": "",
          "beforeHooks": [],
          "afterHooks": [],
          "tests": [
            {
              "title": "should display the search bar",
              "fullTitle": "Tranquilo Matcha Search Functionality should display the search bar",
              "timedOut": null,
              "duration": 1346,
              "state": "passed",
              "speed": "fast",
              "pass": true,
              "fail": false,
              "pending": false,
              "context": null,
              "code": "cy.get(_selectors.Selectors.searchBar, {\n  timeout: 10000\n}).should('be.visible').click().then(() => {\n  cy.log('✅ Search bar is visible');\n});\ncy.pause(); // Pause here to inspect if the test is failing",
              "err": {},
              "uuid": "af8bc4c8-c0e9-41d7-9766-1eab6869bf85",
              "parentUUID": "0fb9ab9a-9614-4d40-9b15-5ae1849a09bf",
              "isHook": false,
              "skipped": false
            },
            {
              "title": "should allow users to search for a product",
              "fullTitle": "Tranquilo Matcha Search Functionality should allow users to search for a product",
              "timedOut": null,
              "duration": 2315,
              "state": "passed",
              "speed": "fast",
              "pass": true,
              "fail": false,
              "pending": false,
              "context": null,
              "code": "searchTerms.forEach(term => {\n  cy.get(_selectors.Selectors.searchBar, {\n    timeout: 10000\n  }).should('be.visible').click().then(() => {\n    cy.log(`✅ Search bar is visible for search term \"${term}\"`);\n  });\n  cy.get(_selectors.Selectors.popupModal, {\n    timeout: 50000\n  }).type(`${searchTerms}{enter}`, {\n    delay: 200\n  });\n  cy.log(`🔎 Searching for \"${term}\"`);\n  cy.pause();\n});",
              "err": {},
              "uuid": "0b51282d-51a9-44c5-a4fc-e6b55aab304d",
              "parentUUID": "0fb9ab9a-9614-4d40-9b15-5ae1849a09bf",
              "isHook": false,
              "skipped": false
            },
            {
              "title": "should display the list of search results",
              "fullTitle": "Tranquilo Matcha Search Functionality should display the list of search results",
              "timedOut": null,
              "duration": 21538,
              "state": "failed",
              "speed": null,
              "pass": false,
              "fail": true,
              "pending": false,
              "context": null,
              "code": "searchTerms.forEach(term => {\n  cy.get(_selectors.Selectors.searchBar, {\n    timeout: 10000\n  }).should('be.visible').click();\n  cy.get(_selectors.Selectors.popupModal, {\n    timeout: 50000\n  }).type(`${searchTerms}{enter}`);\n  cy.get(_selectors.Selectors.searchResultsList, {\n    timeout: 20000\n  }).should('have.length.greaterThan', 0).then(results => {\n    cy.log(`✅ Search results for \"${term}\" displayed, count: ${results.length}`);\n  });\n  cy.pause(); // Pause here to inspect the results\n});",
              "err": {
                "message": "AssertionError: Timed out retrying after 20000ms: Expected to find element: `#predictive-search-results-products-list`, but never found it.",
                "estack": "AssertionError: Timed out retrying after 20000ms: Expected to find element: `#predictive-search-results-products-list`, but never found it.\n    at eval (webpack://shopify/./cypress/e2e/search.cy.js:59:17)\n    at Context.eval (webpack://shopify/./cypress/e2e/search.cy.js:50:20)",
                "diff": null
              },
              "uuid": "e92b95c0-af27-42d8-94c7-240b6b1dffd8",
              "parentUUID": "0fb9ab9a-9614-4d40-9b15-5ae1849a09bf",
              "isHook": false,
              "skipped": false
            },
            {
              "title": "should navigate to the product page",
              "fullTitle": "Tranquilo Matcha Search Functionality should navigate to the product page",
              "timedOut": null,
              "duration": 51778,
              "state": "failed",
              "speed": null,
              "pass": false,
              "fail": true,
              "pending": false,
              "context": null,
              "code": "searchTerms.forEach(term => {\n  cy.get(_selectors.Selectors.searchBar, {\n    timeout: 10000\n  }).should('be.visible').click();\n  cy.get(_selectors.Selectors.popupModal, {\n    timeout: 50000\n  }).type(`${searchTerms}{enter}`);\n  cy.get(_selectors.Selectors.firstSearchResult, {\n    timeout: 50000\n  }).should('be.visible', {\n    timeout: 50000\n  }).click().then(() => {\n    cy.log(`✅ Clicked first search result for \"${term}\"`);\n  });\n  cy.url().should('include', '/products/').then(() => {\n    cy.log(`✅ Successfully navigated to product page for \"${term}\"`);\n  });\n  cy.pause(); // Pause here to debug navigation issues\n});",
              "err": {
                "message": "AssertionError: Timed out retrying after 50000ms: Expected to find element: `#predictive-search-results-products-list > :first-child`, but never found it.",
                "estack": "AssertionError: Timed out retrying after 50000ms: Expected to find element: `#predictive-search-results-products-list > :first-child`, but never found it.\n    at eval (webpack://shopify/./cypress/e2e/search.cy.js:77:17)\n    at Context.eval (webpack://shopify/./cypress/e2e/search.cy.js:68:20)",
                "diff": null
              },
              "uuid": "eec12446-8657-44a4-9f30-22308b2973c7",
              "parentUUID": "0fb9ab9a-9614-4d40-9b15-5ae1849a09bf",
              "isHook": false,
              "skipped": false
            }
          ],
          "suites": [],
          "passes": [
            "af8bc4c8-c0e9-41d7-9766-1eab6869bf85",
            "0b51282d-51a9-44c5-a4fc-e6b55aab304d"
          ],
          "failures": [
            "e92b95c0-af27-42d8-94c7-240b6b1dffd8",
            "eec12446-8657-44a4-9f30-22308b2973c7"
          ],
          "pending": [],
          "skipped": [],
          "duration": 76977,
          "root": false,
          "rootEmpty": false,
          "_timeout": 2000
        }
      ],
      "passes": [],
      "failures": [],
      "pending": [],
      "skipped": [],
      "duration": 0,
      "root": true,
      "rootEmpty": true,
      "_timeout": 2000
    }
  ],
  "meta": {
    "mocha": {
      "version": "7.0.1"
    },
    "mochawesome": {
      "options": {
        "quiet": false,
        "reportFilename": "mochawesome",
        "saveHtml": true,
        "saveJson": true,
        "consoleReporter": "spec",
        "useInlineDiffs": false,
        "code": true
      },
      "version": "7.1.3"
    },
    "marge": {
      "options": {
        "reportDir": "cypress/reports",
        "overwrite": false,
        "html": true,
        "json": true
      },
      "version": "6.2.0"
    }
  }
}