{
  "stats": {
    "suites": 1,
    "tests": 5,
    "passes": 5,
    "pending": 0,
    "failures": 0,
    "start": "2024-11-20T15:15:52.711Z",
    "end": "2024-11-20T15:16:06.315Z",
    "duration": 13604,
    "testsRegistered": 5,
    "passPercent": 100,
    "pendingPercent": 0,
    "other": 0,
    "hasOther": false,
    "skipped": 0,
    "hasSkipped": false
  },
  "results": [
    {
      "uuid": "9b3c9643-08f5-482c-843c-f72b97587494",
      "title": "",
      "fullFile": "cypress/e2e/cart.cy.js",
      "file": "cypress/e2e/cart.cy.js",
      "beforeHooks": [],
      "afterHooks": [],
      "tests": [],
      "suites": [
        {
          "uuid": "ccca772c-4d9b-4435-828d-2694159967b3",
          "title": "Tranquilo Matcha Cart Functionality",
          "fullFile": "",
          "file": "",
          "beforeHooks": [],
          "afterHooks": [],
          "tests": [
            {
              "title": "should allow users to navigate to the cart",
              "fullTitle": "Tranquilo Matcha Cart Functionality should allow users to navigate to the cart",
              "timedOut": null,
              "duration": 1601,
              "state": "passed",
              "speed": "fast",
              "pass": true,
              "fail": false,
              "pending": false,
              "context": null,
              "code": "cy.visit('/cart');\ncy.get(_selectors.Selectors.cartItem, {\n  timeout: 10000\n}).should('have.length', 0).then(() => {\n  cy.log('✅ Cart is empty on the first visit');\n});\ncy.pause();",
              "err": {},
              "uuid": "4b793776-4bcc-4f51-8ec0-42433b0c3d42",
              "parentUUID": "ccca772c-4d9b-4435-828d-2694159967b3",
              "isHook": false,
              "skipped": false
            },
            {
              "title": "should allow users to add a product to the cart",
              "fullTitle": "Tranquilo Matcha Cart Functionality should allow users to add a product to the cart",
              "timedOut": null,
              "duration": 2436,
              "state": "passed",
              "speed": "fast",
              "pass": true,
              "fail": false,
              "pending": false,
              "context": null,
              "code": "cy.get(_selectors.Selectors.searchBar, {\n  timeout: 10000\n}).should('be.visible');\n// Iterate over each search term from fixture data\nsearchTerms.forEach(searchTerms => {\n  cy.get(_selectors.Selectors.popupModal, {\n    timeout: 10000\n  }).type(`${searchTerms}{enter}`);\n  cy.log(`Searched for product: ${searchTerms}`);\n  cy.get(_selectors.Selectors.searchResultsList, {\n    timeout: 10000\n  }).first().click().then(() => {\n    cy.log('✅ Selected the first product from search results');\n  });\n  cy.get(_selectors.Selectors.productAddToCartButton, {\n    timeout: 10000\n  }).should('be.visible').click().then(() => {\n    cy.log('✅ Product added to cart');\n  });\n});\ncy.pause();",
              "err": {},
              "uuid": "5a95400c-10f2-4271-8448-130efe5598dc",
              "parentUUID": "ccca772c-4d9b-4435-828d-2694159967b3",
              "isHook": false,
              "skipped": false
            },
            {
              "title": "should display the Added to Cart notification",
              "fullTitle": "Tranquilo Matcha Cart Functionality should display the Added to Cart notification",
              "timedOut": null,
              "duration": 2586,
              "state": "passed",
              "speed": "fast",
              "pass": true,
              "fail": false,
              "pending": false,
              "context": null,
              "code": "cy.get(_selectors.Selectors.searchBar, {\n  timeout: 10000\n}).should('be.visible');\n// Iterate over each search term from fixture data\nsearchTerms.forEach(searchTerms => {\n  cy.get(_selectors.Selectors.popupModal, {\n    timeout: 10000\n  }).type(`${searchTerms}{enter}`);\n  cy.log(`Searched for product: ${searchTerms}`);\n  cy.get(_selectors.Selectors.searchResultsList, {\n    timeout: 10000\n  }).first().click().then(() => {\n    cy.log('✅ Selected the first product from search results');\n  });\n  cy.get(_selectors.Selectors.productAddToCartButton, {\n    timeout: 10000\n  }).should('be.visible').click().then(() => {\n    cy.log('✅ Product added to cart');\n  });\n  // Verify the \"Added to Cart Notification\" detail Popup\n  cy.get(_selectors.Selectors.addedToCartModal, {\n    timeout: 15000\n  }).should('be.visible').then(() => {\n    cy.log('✅ \"Added to Cart\" notification displayed');\n  });\n});\ncy.pause();",
              "err": {},
              "uuid": "5267f77a-975a-47f4-aec0-612b9625f8e0",
              "parentUUID": "ccca772c-4d9b-4435-828d-2694159967b3",
              "isHook": false,
              "skipped": false
            },
            {
              "title": "should display the cart icon with added products",
              "fullTitle": "Tranquilo Matcha Cart Functionality should display the cart icon with added products",
              "timedOut": null,
              "duration": 2421,
              "state": "passed",
              "speed": "fast",
              "pass": true,
              "fail": false,
              "pending": false,
              "context": null,
              "code": "cy.get(_selectors.Selectors.searchBar, {\n  timeout: 10000\n}).should('be.visible');\n// Iterate over each search term from fixture data\nsearchTerms.forEach(searchTerms => {\n  cy.get(_selectors.Selectors.popupModal, {\n    timeout: 10000\n  }).type(`${searchTerms}{enter}`);\n  cy.log(`Searched for product: ${searchTerms}`);\n  cy.get(_selectors.Selectors.searchResultsList, {\n    timeout: 10000\n  }).first().click().then(() => {\n    cy.log('✅ Selected the first product from search results');\n  });\n  cy.get(_selectors.Selectors.productAddToCartButton, {\n    timeout: 10000\n  }).scrollIntoView().should('be.visible').click().then(() => {\n    cy.log('✅ Product added to cart');\n  });\n  // Wait for the cart count to update and assert it has increased\n  cy.get(_selectors.Selectors.cartIconBubble, {\n    timeout: 10000\n  }).should('be.visible') // Ensure the cart icon is visible\n  .should('not.have.text', '0').then(() => {\n    cy.log('✅ Cart icon updated with added product count');\n  });\n});\ncy.pause(); // Pause to inspect the cart icon update",
              "err": {},
              "uuid": "53be34a5-1138-443c-bbbe-ca22d4bee5b9",
              "parentUUID": "ccca772c-4d9b-4435-828d-2694159967b3",
              "isHook": false,
              "skipped": false
            },
            {
              "title": "should display the cart with added products",
              "fullTitle": "Tranquilo Matcha Cart Functionality should display the cart with added products",
              "timedOut": null,
              "duration": 4432,
              "state": "passed",
              "speed": "fast",
              "pass": true,
              "fail": false,
              "pending": false,
              "context": null,
              "code": "cy.get(_selectors.Selectors.searchBar, {\n  timeout: 10000\n}).should('be.visible');\n// Iterate over each search term from fixture data\nsearchTerms.forEach(searchTerms => {\n  cy.get(_selectors.Selectors.popupModal, {\n    timeout: 10000\n  }).type(`${searchTerms}{enter}`);\n  cy.log(`Searched for product: ${searchTerms}`);\n  cy.get(_selectors.Selectors.searchResultsList, {\n    timeout: 10000\n  }).first().click().then(() => {\n    cy.log('✅ Selected the last product from search results');\n  });\n  cy.get(_selectors.Selectors.productAddToCartButton, {\n    timeout: 10000\n  }).scrollIntoView().should('be.visible').click();\n});\n// Wait for the \"Add to Cart\" button to be visible and then click it again for a second product\ncy.get(_selectors.Selectors.productAddToCartButton, {\n  timeout: 10000\n}).scrollIntoView().should('be.visible').click().then(() => {\n  cy.log('✅ Product added to cart');\n});\n// Wait for the cart count to update and assert it has increased\ncy.get(_selectors.Selectors.cartIconBubble, {\n  timeout: 10000\n}).should('be.visible') // Ensure the cart icon is visible\n.should('not.have.text', '0').click().then(() => {\n  cy.log('✅ Navigated to cart to view added products');\n});\ncy.pause();",
              "err": {},
              "uuid": "8a21e8f6-66a7-4642-a1fd-2c0804724dc7",
              "parentUUID": "ccca772c-4d9b-4435-828d-2694159967b3",
              "isHook": false,
              "skipped": false
            }
          ],
          "suites": [],
          "passes": [
            "4b793776-4bcc-4f51-8ec0-42433b0c3d42",
            "5a95400c-10f2-4271-8448-130efe5598dc",
            "5267f77a-975a-47f4-aec0-612b9625f8e0",
            "53be34a5-1138-443c-bbbe-ca22d4bee5b9",
            "8a21e8f6-66a7-4642-a1fd-2c0804724dc7"
          ],
          "failures": [],
          "pending": [],
          "skipped": [],
          "duration": 13476,
          "root": false,
          "rootEmpty": false,
          "_timeout": 2000
        }
      ],
      "passes": [],
      "failures": [],
      "pending": [],
      "skipped": [],
      "duration": 0,
      "root": true,
      "rootEmpty": true,
      "_timeout": 2000
    }
  ],
  "meta": {
    "mocha": {
      "version": "7.0.1"
    },
    "mochawesome": {
      "options": {
        "quiet": false,
        "reportFilename": "mochawesome",
        "saveHtml": true,
        "saveJson": true,
        "consoleReporter": "spec",
        "useInlineDiffs": false,
        "code": true
      },
      "version": "7.1.3"
    },
    "marge": {
      "options": {
        "reportDir": "cypress/reports",
        "overwrite": false,
        "html": true,
        "json": true
      },
      "version": "6.2.0"
    }
  }
}