{
  "stats": {
    "suites": 1,
    "tests": 4,
    "passes": 4,
    "pending": 0,
    "failures": 0,
    "start": "2024-11-21T16:31:32.613Z",
    "end": "2024-11-21T16:31:40.904Z",
    "duration": 8291,
    "testsRegistered": 4,
    "passPercent": 100,
    "pendingPercent": 0,
    "other": 0,
    "hasOther": false,
    "skipped": 0,
    "hasSkipped": false
  },
  "results": [
    {
      "uuid": "ceba4ce1-8aae-4d4a-b355-454fb8b8ba9f",
      "title": "",
      "fullFile": "cypress/e2e/search.cy.js",
      "file": "cypress/e2e/search.cy.js",
      "beforeHooks": [],
      "afterHooks": [],
      "tests": [],
      "suites": [
        {
          "uuid": "edecf772-0c9d-41b5-aefe-d2982ed292b5",
          "title": "Tranquilo Matcha Search Functionality",
          "fullFile": "",
          "file": "",
          "beforeHooks": [],
          "afterHooks": [],
          "tests": [
            {
              "title": "should display the search bar",
              "fullTitle": "Tranquilo Matcha Search Functionality should display the search bar",
              "timedOut": null,
              "duration": 1739,
              "state": "passed",
              "speed": "fast",
              "pass": true,
              "fail": false,
              "pending": false,
              "context": null,
              "code": "cy.get(_selectors.Selectors.searchBar, {\n  timeout: 10000\n}).should('be.visible').then(() => {\n  try {\n    cy.log('✅ Search bar is visible');\n  } catch (error) {\n    cy.log('❌ Failed to verify search bar visibility');\n    throw error;\n  }\n});\ncy.pause(); // Pause here to inspect if the test is failing",
              "err": {},
              "uuid": "7ba73817-838b-40e8-8eb1-064a972d83e0",
              "parentUUID": "edecf772-0c9d-41b5-aefe-d2982ed292b5",
              "isHook": false,
              "skipped": false
            },
            {
              "title": "should allow users to search for a product",
              "fullTitle": "Tranquilo Matcha Search Functionality should allow users to search for a product",
              "timedOut": null,
              "duration": 2261,
              "state": "passed",
              "speed": "fast",
              "pass": true,
              "fail": false,
              "pending": false,
              "context": null,
              "code": "searchTerms.forEach(term => {\n  cy.get(_selectors.Selectors.searchBar, {\n    timeout: 10000\n  }).should('be.visible').then(() => {\n    try {\n      cy.log(`✅ Search bar is visible for search term \"${term}\"`);\n    } catch (error) {\n      cy.log(`❌ Failed to check search bar for term \"${term}\"`);\n      throw error;\n    }\n  });\n  cy.get(_selectors.Selectors.popupModal, {\n    timeout: 50000\n  }).type(`${term}{enter}`, {\n    delay: 200\n  }).then(() => {\n    try {\n      cy.log(`🔎 Searching for \"${term}\"`);\n    } catch (error) {\n      cy.log(`❌ Failed to log search for \"${term}\"`);\n      throw error;\n    }\n  });\n  cy.pause(); // Pause here to inspect the modal\n});",
              "err": {},
              "uuid": "96e96fea-3eaa-4969-94ae-a76f0c855027",
              "parentUUID": "edecf772-0c9d-41b5-aefe-d2982ed292b5",
              "isHook": false,
              "skipped": false
            },
            {
              "title": "should display the list of search results",
              "fullTitle": "Tranquilo Matcha Search Functionality should display the list of search results",
              "timedOut": null,
              "duration": 1279,
              "state": "passed",
              "speed": "fast",
              "pass": true,
              "fail": false,
              "pending": false,
              "context": null,
              "code": "searchTerms.forEach(term => {\n  cy.get(_selectors.Selectors.searchBar, {\n    timeout: 10000\n  }).should('be.visible');\n  cy.get(_selectors.Selectors.popupModal, {\n    timeout: 50000\n  }).type(`${term}{enter}`);\n  cy.get(_selectors.Selectors.searchResultsList, {\n    timeout: 20000\n  }).should('have.length.greaterThan', 0).then(results => {\n    try {\n      cy.log(`✅ Search results for \"${term}\" displayed, count: ${results.length}`);\n    } catch (error) {\n      cy.log(`❌ Failed to display search results for \"${term}\"`);\n      throw error;\n    }\n  });\n  cy.pause(); // Pause here to inspect the results\n});",
              "err": {},
              "uuid": "112dd95d-fae0-4d44-85a1-c00abcbfea62",
              "parentUUID": "edecf772-0c9d-41b5-aefe-d2982ed292b5",
              "isHook": false,
              "skipped": false
            },
            {
              "title": "should navigate to the product page",
              "fullTitle": "Tranquilo Matcha Search Functionality should navigate to the product page",
              "timedOut": null,
              "duration": 2563,
              "state": "passed",
              "speed": "fast",
              "pass": true,
              "fail": false,
              "pending": false,
              "context": null,
              "code": "searchTerms.forEach(term => {\n  cy.get(_selectors.Selectors.searchBar, {\n    timeout: 10000\n  }).should('be.visible');\n  cy.get(_selectors.Selectors.popupModal, {\n    timeout: 50000\n  }).type(`${term}{enter}`);\n  cy.get(_selectors.Selectors.firstSearchResult, {\n    timeout: 50000\n  }).should('be.visible', {\n    timeout: 50000\n  }).click().then(() => {\n    try {\n      cy.log(`✅ Clicked first search result for \"${term}\"`);\n    } catch (error) {\n      cy.log(`❌ Failed to click first search result for \"${term}\"`);\n      throw error;\n    }\n  });\n  cy.url().should('include', '/products/').then(() => {\n    try {\n      cy.log(`✅ Successfully navigated to product page for \"${term}\"`);\n    } catch (error) {\n      cy.log(`❌ Failed to navigate to product page for \"${term}\"`);\n      throw error;\n    }\n  });\n  cy.pause();\n});",
              "err": {},
              "uuid": "80be472a-c38a-4afc-8f7e-50c9079b1803",
              "parentUUID": "edecf772-0c9d-41b5-aefe-d2982ed292b5",
              "isHook": false,
              "skipped": false
            }
          ],
          "suites": [],
          "passes": [
            "7ba73817-838b-40e8-8eb1-064a972d83e0",
            "96e96fea-3eaa-4969-94ae-a76f0c855027",
            "112dd95d-fae0-4d44-85a1-c00abcbfea62",
            "80be472a-c38a-4afc-8f7e-50c9079b1803"
          ],
          "failures": [],
          "pending": [],
          "skipped": [],
          "duration": 7842,
          "root": false,
          "rootEmpty": false,
          "_timeout": 2000
        }
      ],
      "passes": [],
      "failures": [],
      "pending": [],
      "skipped": [],
      "duration": 0,
      "root": true,
      "rootEmpty": true,
      "_timeout": 2000
    }
  ],
  "meta": {
    "mocha": {
      "version": "7.0.1"
    },
    "mochawesome": {
      "options": {
        "quiet": false,
        "reportFilename": "mochawesome",
        "saveHtml": true,
        "saveJson": true,
        "consoleReporter": "spec",
        "useInlineDiffs": false,
        "code": true
      },
      "version": "7.1.3"
    },
    "marge": {
      "options": {
        "reportDir": "cypress/reports",
        "overwrite": false,
        "html": true,
        "json": true
      },
      "version": "6.2.0"
    }
  }
}