{
  "stats": {
    "suites": 1,
    "tests": 2,
    "passes": 1,
    "pending": 0,
    "failures": 1,
    "start": "2024-11-20T12:51:17.355Z",
    "end": "2024-11-20T12:51:20.485Z",
    "duration": 3130,
    "testsRegistered": 2,
    "passPercent": 50,
    "pendingPercent": 0,
    "other": 0,
    "hasOther": false,
    "skipped": 0,
    "hasSkipped": false
  },
  "results": [
    {
      "uuid": "4fa1f369-b107-49c8-9f62-8bddb6edcf4a",
      "title": "",
      "fullFile": "cypress/e2e/search.cy.js",
      "file": "cypress/e2e/search.cy.js",
      "beforeHooks": [],
      "afterHooks": [],
      "tests": [],
      "suites": [
        {
          "uuid": "9873b855-7e7a-41a3-b051-fe5f78de4791",
          "title": "Tranquilo Matcha Search Functionality",
          "fullFile": "",
          "file": "",
          "beforeHooks": [],
          "afterHooks": [],
          "tests": [
            {
              "title": "should display the search bar",
              "fullTitle": "Tranquilo Matcha Search Functionality should display the search bar",
              "timedOut": null,
              "duration": 897,
              "state": "passed",
              "speed": "fast",
              "pass": true,
              "fail": false,
              "pending": false,
              "context": null,
              "code": "cy.get(_selectors.Selectors.searchBar, {\n  timeout: 20000\n}).should('be.visible').then(() => {\n  cy.log('✅ Search bar is visible');\n});\ncy.pause(); // Pause here to inspect if the test is failing",
              "err": {},
              "uuid": "cc036024-ebcd-4d9c-b02b-8fe7d41dc78e",
              "parentUUID": "9873b855-7e7a-41a3-b051-fe5f78de4791",
              "isHook": false,
              "skipped": false
            },
            {
              "title": "should allow users to search for a product",
              "fullTitle": "Tranquilo Matcha Search Functionality should allow users to search for a product",
              "timedOut": null,
              "duration": 687,
              "state": "failed",
              "speed": null,
              "pass": false,
              "fail": true,
              "pending": false,
              "context": null,
              "code": "searchTerms.forEach(term => {\n  cy.get(_selectors.Selectors.searchBar, {\n    timeout: 20000\n  }).should('be.visible').then(() => {\n    cy.log(`✅ Search bar is visible for search term \"${term}\"`);\n  }).type(`${term}{enter}`, {\n    delay: 2000\n  });\n  cy.log(`🔎 Searching for \"${term}\"`);\n  cy.pause(); // Pause here to debug any potential issues with typing or search\n});",
              "err": {
                "message": "CypressError: `cy.type()` failed because it requires a DOM element.\n\nThe subject received was:\n\n  > `null`\n\nThe previous command that ran was:\n\n  > `cy.log()`",
                "estack": "CypressError: `cy.type()` failed because it requires a DOM element.\n\nThe subject received was:\n\n  > `null`\n\nThe previous command that ran was:\n\n  > `cy.log()`\n    at isElement (https://tranquilomatcha.com/__cypress/runner/cypress_runner.js:144875:58)\n    at validateType (https://tranquilomatcha.com/__cypress/runner/cypress_runner.js:144724:14)\n    at Object.isType (https://tranquilomatcha.com/__cypress/runner/cypress_runner.js:144755:7)\n    at $Cy.pushSubject (https://tranquilomatcha.com/__cypress/runner/cypress_runner.js:138404:22)\n    at wrapped (https://tranquilomatcha.com/__cypress/runner/cypress_runner.js:137961:19)\nFrom Your Spec Code:\n    at eval (webpack://shopify/./cypress/e2e/search.cy.js:42:11)\n    at Context.eval (webpack://shopify/./cypress/e2e/search.cy.js:36:16)",
                "diff": null
              },
              "uuid": "809ffd86-d2fe-45b5-afbc-dbb7005c1d31",
              "parentUUID": "9873b855-7e7a-41a3-b051-fe5f78de4791",
              "isHook": false,
              "skipped": false
            }
          ],
          "suites": [],
          "passes": [
            "cc036024-ebcd-4d9c-b02b-8fe7d41dc78e"
          ],
          "failures": [
            "809ffd86-d2fe-45b5-afbc-dbb7005c1d31"
          ],
          "pending": [],
          "skipped": [],
          "duration": 1584,
          "root": false,
          "rootEmpty": false,
          "_timeout": 2000
        }
      ],
      "passes": [],
      "failures": [],
      "pending": [],
      "skipped": [],
      "duration": 0,
      "root": true,
      "rootEmpty": true,
      "_timeout": 2000
    }
  ],
  "meta": {
    "mocha": {
      "version": "7.0.1"
    },
    "mochawesome": {
      "options": {
        "quiet": false,
        "reportFilename": "mochawesome",
        "saveHtml": true,
        "saveJson": true,
        "consoleReporter": "spec",
        "useInlineDiffs": false,
        "code": true
      },
      "version": "7.1.3"
    },
    "marge": {
      "options": {
        "reportDir": "cypress/reports",
        "overwrite": false,
        "html": true,
        "json": true
      },
      "version": "6.2.0"
    }
  }
}