{
  "stats": {
    "suites": 1,
    "tests": 5,
    "passes": 5,
    "pending": 0,
    "failures": 0,
    "start": "2024-11-21T10:24:31.728Z",
    "end": "2024-11-21T10:24:46.251Z",
    "duration": 14523,
    "testsRegistered": 5,
    "passPercent": 100,
    "pendingPercent": 0,
    "other": 0,
    "hasOther": false,
    "skipped": 0,
    "hasSkipped": false
  },
  "results": [
    {
      "uuid": "12ed98ff-b5ee-480d-a45c-8535d653238a",
      "title": "",
      "fullFile": "cypress/e2e/cart.cy.js",
      "file": "cypress/e2e/cart.cy.js",
      "beforeHooks": [],
      "afterHooks": [],
      "tests": [],
      "suites": [
        {
          "uuid": "809cc97e-c0f5-4e76-8d00-cd015836ebe3",
          "title": "Tranquilo Matcha Cart Functionality",
          "fullFile": "",
          "file": "",
          "beforeHooks": [],
          "afterHooks": [],
          "tests": [
            {
              "title": "should allow users to navigate to the cart",
              "fullTitle": "Tranquilo Matcha Cart Functionality should allow users to navigate to the cart",
              "timedOut": null,
              "duration": 1599,
              "state": "passed",
              "speed": "fast",
              "pass": true,
              "fail": false,
              "pending": false,
              "context": null,
              "code": "cy.visit('/cart');\ncy.get(_selectors.Selectors.cartItem, {\n  timeout: 10000\n}).should('have.length', 0).then(() => {\n  cy.log('✅ Cart is empty on the first visit');\n});\ncy.pause();",
              "err": {},
              "uuid": "2eb6a445-12d1-4503-a1dc-1278df5712bb",
              "parentUUID": "809cc97e-c0f5-4e76-8d00-cd015836ebe3",
              "isHook": false,
              "skipped": false
            },
            {
              "title": "should allow users to add a product to the cart",
              "fullTitle": "Tranquilo Matcha Cart Functionality should allow users to add a product to the cart",
              "timedOut": null,
              "duration": 2330,
              "state": "passed",
              "speed": "fast",
              "pass": true,
              "fail": false,
              "pending": false,
              "context": null,
              "code": "cy.get(_selectors.Selectors.searchBar, {\n  timeout: 10000\n}).should('be.visible');\n// Iterate over each search term from fixture data\nsearchTerms.forEach(searchTerms => {\n  cy.get(_selectors.Selectors.popupModal, {\n    timeout: 10000\n  }).type(`${searchTerms}{enter}`);\n  cy.log(`Searched for product: ${searchTerms}`);\n  cy.get(_selectors.Selectors.searchResultsList, {\n    timeout: 10000\n  }).first().click().then(() => {\n    cy.log('✅ Selected the first product from search results');\n  });\n  cy.get(_selectors.Selectors.productAddToCartButton, {\n    timeout: 10000\n  }).should('be.visible').click().then(() => {\n    cy.log('✅ Product added to cart');\n  });\n});\ncy.pause();",
              "err": {},
              "uuid": "b873d23b-f8b2-436f-b90a-f209a2bb220c",
              "parentUUID": "809cc97e-c0f5-4e76-8d00-cd015836ebe3",
              "isHook": false,
              "skipped": false
            },
            {
              "title": "should display the Added to Cart notification",
              "fullTitle": "Tranquilo Matcha Cart Functionality should display the Added to Cart notification",
              "timedOut": null,
              "duration": 2661,
              "state": "passed",
              "speed": "fast",
              "pass": true,
              "fail": false,
              "pending": false,
              "context": null,
              "code": "cy.get(_selectors.Selectors.searchBar, {\n  timeout: 10000\n}).should('be.visible');\n// Iterate over each search term from fixture data\nsearchTerms.forEach(searchTerms => {\n  cy.get(_selectors.Selectors.popupModal, {\n    timeout: 10000\n  }).type(`${searchTerms}{enter}`);\n  cy.log(`Searched for product: ${searchTerms}`);\n  cy.get(_selectors.Selectors.searchResultsList, {\n    timeout: 10000\n  }).first().click().then(() => {\n    cy.log('✅ Selected the first product from search results');\n  });\n  cy.get(_selectors.Selectors.productAddToCartButton, {\n    timeout: 10000\n  }).should('be.visible').click().then(() => {\n    cy.log('✅ Product added to cart');\n  });\n  // Verify the \"Added to Cart Notification\" detail Popup\n  cy.get(_selectors.Selectors.addedToCartModal, {\n    timeout: 15000\n  }).should('be.visible').then(() => {\n    cy.log('✅ \"Added to Cart\" notification displayed');\n  });\n});\ncy.pause();",
              "err": {},
              "uuid": "d354ae99-a8b3-4a53-af4a-d859f38f7b28",
              "parentUUID": "809cc97e-c0f5-4e76-8d00-cd015836ebe3",
              "isHook": false,
              "skipped": false
            },
            {
              "title": "should display the cart icon with added products",
              "fullTitle": "Tranquilo Matcha Cart Functionality should display the cart icon with added products",
              "timedOut": null,
              "duration": 2370,
              "state": "passed",
              "speed": "fast",
              "pass": true,
              "fail": false,
              "pending": false,
              "context": null,
              "code": "cy.get(_selectors.Selectors.searchBar, {\n  timeout: 10000\n}).should('be.visible');\n// Iterate over each search term from fixture data\nsearchTerms.forEach(searchTerms => {\n  cy.get(_selectors.Selectors.popupModal, {\n    timeout: 10000\n  }).type(`${searchTerms}{enter}`);\n  cy.log(`Searched for product: ${searchTerms}`);\n  cy.get(_selectors.Selectors.searchResultsList, {\n    timeout: 10000\n  }).first().click().then(() => {\n    cy.log('✅ Selected the first product from search results');\n  });\n  cy.get(_selectors.Selectors.productAddToCartButton, {\n    timeout: 10000\n  }).scrollIntoView().should('be.visible').click().then(() => {\n    cy.log('✅ Product added to cart');\n  });\n  // Wait for the cart count to update and assert it has increased\n  cy.get(_selectors.Selectors.cartIconBubble, {\n    timeout: 10000\n  }).should('be.visible') // Ensure the cart icon is visible\n  .should('not.have.text', '0').then(() => {\n    cy.log('✅ Cart icon updated with added product count');\n  });\n});\ncy.pause(); // Pause to inspect the cart icon update",
              "err": {},
              "uuid": "1d1214db-f6da-45ae-9d5e-cebe133d03a9",
              "parentUUID": "809cc97e-c0f5-4e76-8d00-cd015836ebe3",
              "isHook": false,
              "skipped": false
            },
            {
              "title": "should display the cart with added products",
              "fullTitle": "Tranquilo Matcha Cart Functionality should display the cart with added products",
              "timedOut": null,
              "duration": 5419,
              "state": "passed",
              "speed": "medium",
              "pass": true,
              "fail": false,
              "pending": false,
              "context": null,
              "code": "cy.get(_selectors.Selectors.searchBar, {\n  timeout: 10000\n}).should('be.visible');\n// Iterate over each search term from fixture data\nsearchTerms.forEach(searchTerms => {\n  cy.get(_selectors.Selectors.popupModal, {\n    timeout: 10000\n  }).type(`${searchTerms}{enter}`);\n  cy.log(`Searched for product: ${searchTerms}`);\n  cy.get(_selectors.Selectors.searchResultsList, {\n    timeout: 10000\n  }).first().click().then(() => {\n    cy.log('✅ Selected the last product from search results');\n  });\n  cy.get(_selectors.Selectors.productAddToCartButton, {\n    timeout: 10000\n  }).scrollIntoView().should('be.visible').click();\n});\n// Wait for the \"Add to Cart\" button to be visible and then click it again for a second product\ncy.get(_selectors.Selectors.productAddToCartButton, {\n  timeout: 10000\n}).scrollIntoView().should('be.visible').click().then(() => {\n  cy.log('✅ Product added to cart');\n});\n// Wait for the cart count to update and assert it has increased\ncy.get(_selectors.Selectors.cartIconBubble, {\n  timeout: 10000\n}).should('be.visible') // Ensure the cart icon is visible\n.should('not.have.text', '0').click().then(() => {\n  cy.log('✅ Navigated to cart to view added products');\n});\ncy.pause();",
              "err": {},
              "uuid": "685e60d0-bc1d-46db-9a67-b3cf72024686",
              "parentUUID": "809cc97e-c0f5-4e76-8d00-cd015836ebe3",
              "isHook": false,
              "skipped": false
            }
          ],
          "suites": [],
          "passes": [
            "2eb6a445-12d1-4503-a1dc-1278df5712bb",
            "b873d23b-f8b2-436f-b90a-f209a2bb220c",
            "d354ae99-a8b3-4a53-af4a-d859f38f7b28",
            "1d1214db-f6da-45ae-9d5e-cebe133d03a9",
            "685e60d0-bc1d-46db-9a67-b3cf72024686"
          ],
          "failures": [],
          "pending": [],
          "skipped": [],
          "duration": 14379,
          "root": false,
          "rootEmpty": false,
          "_timeout": 2000
        }
      ],
      "passes": [],
      "failures": [],
      "pending": [],
      "skipped": [],
      "duration": 0,
      "root": true,
      "rootEmpty": true,
      "_timeout": 2000
    }
  ],
  "meta": {
    "mocha": {
      "version": "7.0.1"
    },
    "mochawesome": {
      "options": {
        "quiet": false,
        "reportFilename": "mochawesome",
        "saveHtml": true,
        "saveJson": true,
        "consoleReporter": "spec",
        "useInlineDiffs": false,
        "code": true
      },
      "version": "7.1.3"
    },
    "marge": {
      "options": {
        "reportDir": "cypress/reports",
        "overwrite": false,
        "html": true,
        "json": true
      },
      "version": "6.2.0"
    }
  }
}