{
  "stats": {
    "suites": 1,
    "tests": 5,
    "passes": 5,
    "pending": 0,
    "failures": 0,
    "start": "2024-11-20T15:15:44.964Z",
    "end": "2024-11-20T15:15:51.969Z",
    "duration": 7005,
    "testsRegistered": 5,
    "passPercent": 100,
    "pendingPercent": 0,
    "other": 0,
    "hasOther": false,
    "skipped": 0,
    "hasSkipped": false
  },
  "results": [
    {
      "uuid": "893b3f01-bfa4-4be2-9304-a9134c1b12c0",
      "title": "",
      "fullFile": "cypress/e2e/Home.cy.js",
      "file": "cypress/e2e/Home.cy.js",
      "beforeHooks": [],
      "afterHooks": [],
      "tests": [],
      "suites": [
        {
          "uuid": "331d5134-4703-469e-a1c7-9382796a8f5e",
          "title": "Homepage and Navigation Tests",
          "fullFile": "",
          "file": "",
          "beforeHooks": [],
          "afterHooks": [],
          "tests": [
            {
              "title": "should load the homepage successfully",
              "fullTitle": "Homepage and Navigation Tests should load the homepage successfully",
              "timedOut": null,
              "duration": 1770,
              "state": "passed",
              "speed": "fast",
              "pass": true,
              "fail": false,
              "pending": false,
              "context": null,
              "code": "// Ensure the homepage logo is visible, indicating the page has loaded\ncy.get(_selectors.Selectors.logo, {\n  timeout: 10000\n}) // Added timeout\n.should('be.visible').then(() => {\n  cy.log('✅ Home page is visible successfully');\n});\ncy.pause();",
              "err": {},
              "uuid": "71dc7f64-2b90-4fd2-85ea-ae35a480fd4e",
              "parentUUID": "331d5134-4703-469e-a1c7-9382796a8f5e",
              "isHook": false,
              "skipped": false
            },
            {
              "title": "should display the search input",
              "fullTitle": "Homepage and Navigation Tests should display the search input",
              "timedOut": null,
              "duration": 665,
              "state": "passed",
              "speed": "fast",
              "pass": true,
              "fail": false,
              "pending": false,
              "context": null,
              "code": "// Check that the search bar is visible\ncy.get(_selectors.Selectors.searchBar, {\n  timeout: 10000\n}) // Added timeout\n.should('be.visible').then(() => {\n  cy.log('✅ Search input is visible');\n});\ncy.pause(); // Pause to inspect the search bar visibility",
              "err": {},
              "uuid": "337844e2-6903-4567-ab63-521b262f78ff",
              "parentUUID": "331d5134-4703-469e-a1c7-9382796a8f5e",
              "isHook": false,
              "skipped": false
            },
            {
              "title": "should navigate to the Shop page when tab is clicked",
              "fullTitle": "Homepage and Navigation Tests should navigate to the Shop page when tab is clicked",
              "timedOut": null,
              "duration": 1175,
              "state": "passed",
              "speed": "fast",
              "pass": true,
              "fail": false,
              "pending": false,
              "context": null,
              "code": "// Click on the Shop navigation tab\ncy.get(_selectors.Selectors.navTabs, {\n  timeout: 10000\n}).click();\ncy.url({\n  timeout: 10000\n}).should('include', 'shop').then(() => {\n  cy.log('✅ Successfully navigated to the Shop page');\n});\ncy.pause();",
              "err": {},
              "uuid": "cb50761e-dd00-4111-a3e7-aee1adbea6bb",
              "parentUUID": "331d5134-4703-469e-a1c7-9382796a8f5e",
              "isHook": false,
              "skipped": false
            },
            {
              "title": "should load more content when scrolling down",
              "fullTitle": "Homepage and Navigation Tests should load more content when scrolling down",
              "timedOut": null,
              "duration": 749,
              "state": "passed",
              "speed": "fast",
              "pass": true,
              "fail": false,
              "pending": false,
              "context": null,
              "code": "// Scroll to the bottom of the page to trigger more content loading\ncy.scrollTo('bottom', {\n  timeout: 10000\n}).then(() => {\n  cy.log('✅ Scrolled to the bottom to load more content');\n});\ncy.pause();",
              "err": {},
              "uuid": "3cb850ed-463c-4852-9e24-521cc113917a",
              "parentUUID": "331d5134-4703-469e-a1c7-9382796a8f5e",
              "isHook": false,
              "skipped": false
            },
            {
              "title": "should be able to navigate to different pages",
              "fullTitle": "Homepage and Navigation Tests should be able to navigate to different pages",
              "timedOut": null,
              "duration": 2528,
              "state": "passed",
              "speed": "fast",
              "pass": true,
              "fail": false,
              "pending": false,
              "context": null,
              "code": "// Click on a navigation tab and verify the URL\ncy.get(_selectors.Selectors.navTabs, {\n  timeout: 10000\n}).click();\ncy.url({\n  timeout: 10000\n}).should('include', '/collections/shop').then(() => {\n  cy.log('✅ Successfully navigated to the collections/shop page');\n});\n// Navigate back to the previous page (homepage)\ncy.go('back', {\n  timeout: 10000\n}).then(() => {\n  cy.log('✅ Navigated back to the homepage');\n});\ncy.pause();",
              "err": {},
              "uuid": "f4be1a8e-9339-4fdb-9109-a98be493ac58",
              "parentUUID": "331d5134-4703-469e-a1c7-9382796a8f5e",
              "isHook": false,
              "skipped": false
            }
          ],
          "suites": [],
          "passes": [
            "71dc7f64-2b90-4fd2-85ea-ae35a480fd4e",
            "337844e2-6903-4567-ab63-521b262f78ff",
            "cb50761e-dd00-4111-a3e7-aee1adbea6bb",
            "3cb850ed-463c-4852-9e24-521cc113917a",
            "f4be1a8e-9339-4fdb-9109-a98be493ac58"
          ],
          "failures": [],
          "pending": [],
          "skipped": [],
          "duration": 6887,
          "root": false,
          "rootEmpty": false,
          "_timeout": 2000
        }
      ],
      "passes": [],
      "failures": [],
      "pending": [],
      "skipped": [],
      "duration": 0,
      "root": true,
      "rootEmpty": true,
      "_timeout": 2000
    }
  ],
  "meta": {
    "mocha": {
      "version": "7.0.1"
    },
    "mochawesome": {
      "options": {
        "quiet": false,
        "reportFilename": "mochawesome",
        "saveHtml": true,
        "saveJson": true,
        "consoleReporter": "spec",
        "useInlineDiffs": false,
        "code": true
      },
      "version": "7.1.3"
    },
    "marge": {
      "options": {
        "reportDir": "cypress/reports",
        "overwrite": false,
        "html": true,
        "json": true
      },
      "version": "6.2.0"
    }
  }
}