{
  "stats": {
    "suites": 1,
    "tests": 5,
    "passes": 5,
    "pending": 0,
    "failures": 0,
    "start": "2024-11-20T16:26:36.459Z",
    "end": "2024-11-20T16:26:43.645Z",
    "duration": 7186,
    "testsRegistered": 5,
    "passPercent": 100,
    "pendingPercent": 0,
    "other": 0,
    "hasOther": false,
    "skipped": 0,
    "hasSkipped": false
  },
  "results": [
    {
      "uuid": "25044f2c-5da3-44a3-874b-016eca10752c",
      "title": "",
      "fullFile": "cypress/e2e/Home.cy.js",
      "file": "cypress/e2e/Home.cy.js",
      "beforeHooks": [],
      "afterHooks": [],
      "tests": [],
      "suites": [
        {
          "uuid": "1833ad56-d944-47b9-b555-cb10889a3f17",
          "title": "Homepage and Navigation Tests",
          "fullFile": "",
          "file": "",
          "beforeHooks": [],
          "afterHooks": [],
          "tests": [
            {
              "title": "should load the homepage successfully",
              "fullTitle": "Homepage and Navigation Tests should load the homepage successfully",
              "timedOut": null,
              "duration": 1788,
              "state": "passed",
              "speed": "fast",
              "pass": true,
              "fail": false,
              "pending": false,
              "context": null,
              "code": "// Ensure the homepage logo is visible, indicating the page has loaded\ncy.get(_selectors.Selectors.logo, {\n  timeout: 10000\n}) // Added timeout\n.should('be.visible').then(() => {\n  cy.log('✅ Home page is visible successfully');\n});\ncy.pause();",
              "err": {},
              "uuid": "9e31b202-aff4-475a-9f70-c03e18832e50",
              "parentUUID": "1833ad56-d944-47b9-b555-cb10889a3f17",
              "isHook": false,
              "skipped": false
            },
            {
              "title": "should display the search input",
              "fullTitle": "Homepage and Navigation Tests should display the search input",
              "timedOut": null,
              "duration": 777,
              "state": "passed",
              "speed": "fast",
              "pass": true,
              "fail": false,
              "pending": false,
              "context": null,
              "code": "// Check that the search bar is visible\ncy.get(_selectors.Selectors.searchBar, {\n  timeout: 10000\n}) // Added timeout\n.should('be.visible').then(() => {\n  cy.log('✅ Search input is visible');\n});\ncy.pause(); // Pause to inspect the search bar visibility",
              "err": {},
              "uuid": "ea1ab234-f3e6-44d4-945e-928a9a7f4419",
              "parentUUID": "1833ad56-d944-47b9-b555-cb10889a3f17",
              "isHook": false,
              "skipped": false
            },
            {
              "title": "should navigate to the Shop page when tab is clicked",
              "fullTitle": "Homepage and Navigation Tests should navigate to the Shop page when tab is clicked",
              "timedOut": null,
              "duration": 1219,
              "state": "passed",
              "speed": "fast",
              "pass": true,
              "fail": false,
              "pending": false,
              "context": null,
              "code": "// Click on the Shop navigation tab\ncy.get(_selectors.Selectors.navTabs, {\n  timeout: 10000\n}).click();\ncy.url({\n  timeout: 10000\n}).should('include', 'shop').then(() => {\n  cy.log('✅ Successfully navigated to the Shop page');\n});\ncy.pause();",
              "err": {},
              "uuid": "4c2efe02-ea73-4761-958e-196fa9f7deae",
              "parentUUID": "1833ad56-d944-47b9-b555-cb10889a3f17",
              "isHook": false,
              "skipped": false
            },
            {
              "title": "should load more content when scrolling down",
              "fullTitle": "Homepage and Navigation Tests should load more content when scrolling down",
              "timedOut": null,
              "duration": 687,
              "state": "passed",
              "speed": "fast",
              "pass": true,
              "fail": false,
              "pending": false,
              "context": null,
              "code": "// Scroll to the bottom of the page to trigger more content loading\ncy.scrollTo('bottom', {\n  timeout: 10000\n}).then(() => {\n  cy.log('✅ Scrolled to the bottom to load more content');\n});\ncy.pause();",
              "err": {},
              "uuid": "1572c7f7-cbdc-496c-a79b-5a42fea79ffc",
              "parentUUID": "1833ad56-d944-47b9-b555-cb10889a3f17",
              "isHook": false,
              "skipped": false
            },
            {
              "title": "should be able to navigate to different pages",
              "fullTitle": "Homepage and Navigation Tests should be able to navigate to different pages",
              "timedOut": null,
              "duration": 2611,
              "state": "passed",
              "speed": "fast",
              "pass": true,
              "fail": false,
              "pending": false,
              "context": null,
              "code": "// Click on a navigation tab and verify the URL\ncy.get(_selectors.Selectors.navTabs, {\n  timeout: 10000\n}).click();\ncy.url({\n  timeout: 10000\n}).should('include', '/collections/shop').then(() => {\n  cy.log('✅ Successfully navigated to the collections/shop page');\n});\n// Navigate back to the previous page (homepage)\ncy.go('back', {\n  timeout: 10000\n}).then(() => {\n  cy.log('✅ Navigated back to the homepage');\n});\ncy.pause();",
              "err": {},
              "uuid": "ce4faa1d-95ea-4b82-a93f-d7c8e6e5d6f9",
              "parentUUID": "1833ad56-d944-47b9-b555-cb10889a3f17",
              "isHook": false,
              "skipped": false
            }
          ],
          "suites": [],
          "passes": [
            "9e31b202-aff4-475a-9f70-c03e18832e50",
            "ea1ab234-f3e6-44d4-945e-928a9a7f4419",
            "4c2efe02-ea73-4761-958e-196fa9f7deae",
            "1572c7f7-cbdc-496c-a79b-5a42fea79ffc",
            "ce4faa1d-95ea-4b82-a93f-d7c8e6e5d6f9"
          ],
          "failures": [],
          "pending": [],
          "skipped": [],
          "duration": 7082,
          "root": false,
          "rootEmpty": false,
          "_timeout": 2000
        }
      ],
      "passes": [],
      "failures": [],
      "pending": [],
      "skipped": [],
      "duration": 0,
      "root": true,
      "rootEmpty": true,
      "_timeout": 2000
    }
  ],
  "meta": {
    "mocha": {
      "version": "7.0.1"
    },
    "mochawesome": {
      "options": {
        "quiet": false,
        "reportFilename": "mochawesome",
        "saveHtml": true,
        "saveJson": true,
        "consoleReporter": "spec",
        "useInlineDiffs": false,
        "code": true
      },
      "version": "7.1.3"
    },
    "marge": {
      "options": {
        "reportDir": "cypress/reports",
        "overwrite": false,
        "html": true,
        "json": true
      },
      "version": "6.2.0"
    }
  }
}