{
  "stats": {
    "suites": 1,
    "tests": 4,
    "passes": 0,
    "pending": 0,
    "failures": 4,
    "start": "2024-11-20T13:44:23.876Z",
    "end": "2024-11-20T13:44:39.368Z",
    "duration": 15492,
    "testsRegistered": 4,
    "passPercent": 0,
    "pendingPercent": 0,
    "other": 0,
    "hasOther": false,
    "skipped": 0,
    "hasSkipped": false
  },
  "results": [
    {
      "uuid": "d656768b-b40b-479c-90b4-a6d2d6cb2cea",
      "title": "",
      "fullFile": "cypress/e2e/search.cy.js",
      "file": "cypress/e2e/search.cy.js",
      "beforeHooks": [],
      "afterHooks": [],
      "tests": [],
      "suites": [
        {
          "uuid": "bc64414b-15b8-4d21-8d5d-4d9ab1ed0021",
          "title": "Tranquilo Matcha Search Functionality",
          "fullFile": "",
          "file": "",
          "beforeHooks": [],
          "afterHooks": [],
          "tests": [
            {
              "title": "should display the search bar",
              "fullTitle": "Tranquilo Matcha Search Functionality should display the search bar",
              "timedOut": null,
              "duration": 1098,
              "state": "failed",
              "speed": null,
              "pass": false,
              "fail": true,
              "pending": false,
              "context": null,
              "code": "cy.get(_selectors.Selectors.searchBar, {\n  timeout: 10000\n}).should('be.visible').then(() => {\n  cy.log('✅ Search bar is visible');\n});\n// If the search bar isn't found, manually log and throw error to fail the test\ncy.get(_selectors.Selectors.searchBar, {\n  timeout: 10000\n}).should('be.visible').then(() => {\n  cy.log('✅ Search bar is visible');\n}).catch(error => {\n  cy.log('❌ Failed to find search bar:', error.message);\n  throw new Error('Search bar not visible or accessible.');\n});\ncy.pause(); // Pause here to inspect if the test is failing",
              "err": {
                "message": "TypeError: cy.get(...).should(...).then(...).catch is not a function",
                "estack": "TypeError: cy.get(...).should(...).then(...).catch is not a function\n    at Context.eval (webpack://shopify/./cypress/e2e/search.cy.js:37:20)",
                "diff": null
              },
              "uuid": "5fdc2451-3ee0-4805-a059-9a3c2bdd36f7",
              "parentUUID": "bc64414b-15b8-4d21-8d5d-4d9ab1ed0021",
              "isHook": false,
              "skipped": false
            },
            {
              "title": "should allow users to search for a product",
              "fullTitle": "Tranquilo Matcha Search Functionality should allow users to search for a product",
              "timedOut": null,
              "duration": 1173,
              "state": "failed",
              "speed": null,
              "pass": false,
              "fail": true,
              "pending": false,
              "context": null,
              "code": "searchTerms.forEach(term => {\n  cy.get(_selectors.Selectors.searchBar, {\n    timeout: 10000\n  }).should('be.visible').then(() => {\n    cy.log(`✅ Search bar is visible for search term \"${term}\"`);\n  }).catch(error => {\n    cy.log(`❌ Search bar not visible for term \"${term}\":`, error.message);\n    throw new Error(`Search bar visibility failed for \"${term}\"`);\n  });\n  cy.get(_selectors.Selectors.popupModal, {\n    timeout: 50000\n  }).type(`${term}{enter}`, {\n    delay: 200\n  }).then(() => {\n    cy.log(`🔎 Searching for \"${term}\"`);\n  }).catch(error => {\n    cy.log(`❌ Failed to type or search for \"${term}\":`, error.message);\n    throw new Error(`Search for term \"${term}\" failed`);\n  });\n  cy.pause();\n});",
              "err": {
                "message": "TypeError: cy.get(...).should(...).then(...).catch is not a function",
                "estack": "TypeError: cy.get(...).should(...).then(...).catch is not a function\n    at eval (webpack://shopify/./cypress/e2e/search.cy.js:51:24)\n    at Context.eval (webpack://shopify/./cypress/e2e/search.cy.js:45:20)",
                "diff": null
              },
              "uuid": "490bc8e4-2d3a-4240-920c-662a3a331e32",
              "parentUUID": "bc64414b-15b8-4d21-8d5d-4d9ab1ed0021",
              "isHook": false,
              "skipped": false
            },
            {
              "title": "should display the list of search results",
              "fullTitle": "Tranquilo Matcha Search Functionality should display the list of search results",
              "timedOut": null,
              "duration": 1874,
              "state": "failed",
              "speed": null,
              "pass": false,
              "fail": true,
              "pending": false,
              "context": null,
              "code": "searchTerms.forEach(term => {\n  cy.get(_selectors.Selectors.searchBar, {\n    timeout: 10000\n  }).should('be.visible').type(`${term}{enter}`, {\n    delay: 200\n  }).catch(error => {\n    cy.log(`❌ Failed to interact with search bar for term \"${term}\":`, error.message);\n    throw new Error(`Search bar interaction failed for \"${term}\"`);\n  });\n  cy.get(_selectors.Selectors.popupModal, {\n    timeout: 50000\n  }).type(`${term}{enter}`).catch(error => {\n    cy.log(`❌ Failed to type in popup modal for \"${term}\":`, error.message);\n    throw new Error(`Popup modal typing failed for \"${term}\"`);\n  });\n  cy.get(_selectors.Selectors.searchResultsList, {\n    timeout: 20000\n  }).should('have.length.greaterThan', 0).then(results => {\n    cy.log(`✅ Search results for \"${term}\" displayed, count: ${results.length}`);\n  }).catch(error => {\n    cy.log(`❌ No search results found for \"${term}\":`, error.message);\n    throw new Error(`No search results for \"${term}\"`);\n  });\n  cy.pause(); // Pause here to inspect the results\n});",
              "err": {
                "message": "TypeError: cy.get(...).should(...).type(...).catch is not a function",
                "estack": "TypeError: cy.get(...).should(...).type(...).catch is not a function\n    at eval (webpack://shopify/./cypress/e2e/search.cy.js:75:24)\n    at Context.eval (webpack://shopify/./cypress/e2e/search.cy.js:71:20)",
                "diff": null
              },
              "uuid": "67283f98-d5c6-42c6-96c8-7d7f23120701",
              "parentUUID": "bc64414b-15b8-4d21-8d5d-4d9ab1ed0021",
              "isHook": false,
              "skipped": false
            },
            {
              "title": "should navigate to the product page",
              "fullTitle": "Tranquilo Matcha Search Functionality should navigate to the product page",
              "timedOut": null,
              "duration": 1237,
              "state": "failed",
              "speed": null,
              "pass": false,
              "fail": true,
              "pending": false,
              "context": null,
              "code": "searchTerms.forEach(term => {\n  cy.get(_selectors.Selectors.searchBar, {\n    timeout: 10000\n  }).should('be.visible').type(`${term}{enter}`, {\n    delay: 200\n  }).catch(error => {\n    cy.log(`❌ Failed to interact with search bar for term \"${term}\":`, error.message);\n    throw new Error(`Failed to type in search bar for \"${term}\"`);\n  });\n  cy.get(_selectors.Selectors.popupModal, {\n    timeout: 50000\n  }).type(`${term}{enter}`).catch(error => {\n    cy.log(`❌ Failed to type in popup modal for \"${term}\":`, error.message);\n    throw new Error(`Failed to search in popup modal for \"${term}\"`);\n  });\n  cy.get(_selectors.Selectors.firstSearchResult, {\n    timeout: 50000\n  }).should('be.visible').click().then(() => {\n    cy.log(`✅ Clicked first search result for \"${term}\"`);\n  }).catch(error => {\n    cy.log(`❌ Failed to click first search result for \"${term}\":`, error.message);\n    throw new Error(`Failed to click search result for \"${term}\"`);\n  });\n  cy.url().should('include', '/products/').then(() => {\n    cy.log(`✅ Successfully navigated to product page for \"${term}\"`);\n  }).catch(error => {\n    cy.log(`❌ Failed to navigate to product page for \"${term}\":`, error.message);\n    throw new Error(`Failed to navigate to product page for \"${term}\"`);\n  });\n  cy.pause(); // Pause here to debug navigation issues\n});",
              "err": {
                "message": "TypeError: cy.get(...).should(...).type(...).catch is not a function",
                "estack": "TypeError: cy.get(...).should(...).type(...).catch is not a function\n    at eval (webpack://shopify/./cypress/e2e/search.cy.js:106:24)\n    at Context.eval (webpack://shopify/./cypress/e2e/search.cy.js:102:20)",
                "diff": null
              },
              "uuid": "ca9bcc4b-ab25-4585-99c4-3dc48c0ce9f0",
              "parentUUID": "bc64414b-15b8-4d21-8d5d-4d9ab1ed0021",
              "isHook": false,
              "skipped": false
            }
          ],
          "suites": [],
          "passes": [],
          "failures": [
            "5fdc2451-3ee0-4805-a059-9a3c2bdd36f7",
            "490bc8e4-2d3a-4240-920c-662a3a331e32",
            "67283f98-d5c6-42c6-96c8-7d7f23120701",
            "ca9bcc4b-ab25-4585-99c4-3dc48c0ce9f0"
          ],
          "pending": [],
          "skipped": [],
          "duration": 5382,
          "root": false,
          "rootEmpty": false,
          "_timeout": 2000
        }
      ],
      "passes": [],
      "failures": [],
      "pending": [],
      "skipped": [],
      "duration": 0,
      "root": true,
      "rootEmpty": true,
      "_timeout": 2000
    }
  ],
  "meta": {
    "mocha": {
      "version": "7.0.1"
    },
    "mochawesome": {
      "options": {
        "quiet": false,
        "reportFilename": "mochawesome",
        "saveHtml": true,
        "saveJson": true,
        "consoleReporter": "spec",
        "useInlineDiffs": false,
        "code": true
      },
      "version": "7.1.3"
    },
    "marge": {
      "options": {
        "reportDir": "cypress/reports",
        "overwrite": false,
        "html": true,
        "json": true
      },
      "version": "6.2.0"
    }
  }
}