{
  "stats": {
    "suites": 1,
    "tests": 5,
    "passes": 5,
    "pending": 0,
    "failures": 0,
    "start": "2024-11-21T16:16:50.087Z",
    "end": "2024-11-21T16:17:02.807Z",
    "duration": 12720,
    "testsRegistered": 5,
    "passPercent": 100,
    "pendingPercent": 0,
    "other": 0,
    "hasOther": false,
    "skipped": 0,
    "hasSkipped": false
  },
  "results": [
    {
      "uuid": "099a77e4-4b41-43be-812e-c6e925e4e106",
      "title": "",
      "fullFile": "cypress/e2e/cart.cy.js",
      "file": "cypress/e2e/cart.cy.js",
      "beforeHooks": [],
      "afterHooks": [],
      "tests": [],
      "suites": [
        {
          "uuid": "223800f7-8069-42a0-8058-a4a7dd9e1321",
          "title": "Tranquilo Matcha Cart Functionality",
          "fullFile": "",
          "file": "",
          "beforeHooks": [],
          "afterHooks": [],
          "tests": [
            {
              "title": "should allow users to navigate to the cart",
              "fullTitle": "Tranquilo Matcha Cart Functionality should allow users to navigate to the cart",
              "timedOut": null,
              "duration": 1702,
              "state": "passed",
              "speed": "fast",
              "pass": true,
              "fail": false,
              "pending": false,
              "context": null,
              "code": "cy.visit('/cart');\ncy.get(_selectors.Selectors.cartItem, {\n  timeout: 10000\n}).should('have.length', 0).then(() => {\n  try {\n    cy.log('✅ Cart is empty on the first visit');\n  } catch (error) {\n    cy.log('❌ Failed to check if cart is empty');\n    throw error; // Rethrow error to fail the test\n  }\n});\ncy.pause();",
              "err": {},
              "uuid": "6c6447e5-551f-42f6-b894-61662c66e8d4",
              "parentUUID": "223800f7-8069-42a0-8058-a4a7dd9e1321",
              "isHook": false,
              "skipped": false
            },
            {
              "title": "should allow users to add a product to the cart",
              "fullTitle": "Tranquilo Matcha Cart Functionality should allow users to add a product to the cart",
              "timedOut": null,
              "duration": 2345,
              "state": "passed",
              "speed": "fast",
              "pass": true,
              "fail": false,
              "pending": false,
              "context": null,
              "code": "cy.get(_selectors.Selectors.searchBar, {\n  timeout: 10000\n}).should('be.visible');\n// Iterate over each search term from fixture data\nsearchTerms.forEach(searchTerms => {\n  cy.get(_selectors.Selectors.popupModal, {\n    timeout: 10000\n  }).type(`${searchTerms}{enter}`);\n  cy.log(`Searched for product: ${searchTerms}`);\n  cy.get(_selectors.Selectors.searchResultsList, {\n    timeout: 10000\n  }).first().click().then(() => {\n    try {\n      cy.log('✅ Selected the first product from search results');\n    } catch (error) {\n      cy.log('❌ Failed to select product');\n      throw error;\n    }\n  });\n  cy.get(_selectors.Selectors.productAddToCartButton, {\n    timeout: 10000\n  }).should('be.visible').click().then(() => {\n    try {\n      cy.log('✅ Product added to cart');\n    } catch (error) {\n      cy.log('❌ Failed to add product to cart');\n      throw error;\n    }\n  });\n});\ncy.pause();",
              "err": {},
              "uuid": "5b9d7c6b-9fd5-4ebc-9783-0d6206488017",
              "parentUUID": "223800f7-8069-42a0-8058-a4a7dd9e1321",
              "isHook": false,
              "skipped": false
            },
            {
              "title": "should display the Added to Cart notification",
              "fullTitle": "Tranquilo Matcha Cart Functionality should display the Added to Cart notification",
              "timedOut": null,
              "duration": 2465,
              "state": "passed",
              "speed": "fast",
              "pass": true,
              "fail": false,
              "pending": false,
              "context": null,
              "code": "cy.get(_selectors.Selectors.searchBar, {\n  timeout: 10000\n}).should('be.visible');\n// Iterate over each search term from fixture data\nsearchTerms.forEach(searchTerms => {\n  cy.get(_selectors.Selectors.popupModal, {\n    timeout: 10000\n  }).type(`${searchTerms}{enter}`);\n  cy.log(`Searched for product: ${searchTerms}`);\n  cy.get(_selectors.Selectors.searchResultsList, {\n    timeout: 10000\n  }).first().click().then(() => {\n    try {\n      cy.log('✅ Selected the first product from search results');\n    } catch (error) {\n      cy.log('❌ Failed to select product');\n      throw error;\n    }\n  });\n  cy.get(_selectors.Selectors.productAddToCartButton, {\n    timeout: 10000\n  }).should('be.visible').click().then(() => {\n    try {\n      cy.log('✅ Product added to cart');\n    } catch (error) {\n      cy.log('❌ Failed to add product to cart');\n      throw error;\n    }\n  });\n  // Verify the \"Added to Cart Notification\" detail Popup\n  cy.get(_selectors.Selectors.addedToCartModal, {\n    timeout: 15000\n  }).should('be.visible').then(() => {\n    try {\n      cy.log('✅ \"Added to Cart\" notification displayed');\n    } catch (error) {\n      cy.log('❌ Failed to display \"Added to Cart\" notification');\n      throw error;\n    }\n  });\n});\ncy.pause();",
              "err": {},
              "uuid": "2241b096-8b4e-465a-9236-f1aee8d372d9",
              "parentUUID": "223800f7-8069-42a0-8058-a4a7dd9e1321",
              "isHook": false,
              "skipped": false
            },
            {
              "title": "should display the cart icon with added products",
              "fullTitle": "Tranquilo Matcha Cart Functionality should display the cart icon with added products",
              "timedOut": null,
              "duration": 2413,
              "state": "passed",
              "speed": "fast",
              "pass": true,
              "fail": false,
              "pending": false,
              "context": null,
              "code": "cy.get(_selectors.Selectors.searchBar, {\n  timeout: 10000\n}).should('be.visible');\n// Iterate over each search term from fixture data\nsearchTerms.forEach(searchTerms => {\n  cy.get(_selectors.Selectors.popupModal, {\n    timeout: 10000\n  }).type(`${searchTerms}{enter}`);\n  cy.log(`Searched for product: ${searchTerms}`);\n  cy.get(_selectors.Selectors.searchResultsList, {\n    timeout: 10000\n  }).first().click().then(() => {\n    try {\n      cy.log('✅ Selected the first product from search results');\n    } catch (error) {\n      cy.log('❌ Failed to select product');\n      throw error;\n    }\n  });\n  cy.get(_selectors.Selectors.productAddToCartButton, {\n    timeout: 10000\n  }).scrollIntoView().should('be.visible').click().then(() => {\n    try {\n      cy.log('✅ Product added to cart');\n    } catch (error) {\n      cy.log('❌ Failed to add product to cart');\n      throw error;\n    }\n  });\n  // Wait for the cart count to update and assert it has increased\n  cy.get(_selectors.Selectors.cartIconBubble, {\n    timeout: 10000\n  }).should('be.visible') // Ensure the cart icon is visible\n  .should('not.have.text', '0').then(() => {\n    try {\n      cy.log('✅ Cart icon updated with added product count');\n    } catch (error) {\n      cy.log('❌ Failed to update cart icon with product count');\n      throw error;\n    }\n  });\n});\ncy.pause(); // Pause to inspect the cart icon update",
              "err": {},
              "uuid": "59f83b16-9eab-402e-8b4f-c4ffd9cfc48e",
              "parentUUID": "223800f7-8069-42a0-8058-a4a7dd9e1321",
              "isHook": false,
              "skipped": false
            },
            {
              "title": "should display the cart with added products",
              "fullTitle": "Tranquilo Matcha Cart Functionality should display the cart with added products",
              "timedOut": null,
              "duration": 3672,
              "state": "passed",
              "speed": "fast",
              "pass": true,
              "fail": false,
              "pending": false,
              "context": null,
              "code": "cy.get(_selectors.Selectors.searchBar, {\n  timeout: 10000\n}).should('be.visible');\n// Iterate over each search term from fixture data\nsearchTerms.forEach(searchTerms => {\n  cy.get(_selectors.Selectors.popupModal, {\n    timeout: 10000\n  }).type(`${searchTerms}{enter}`);\n  cy.log(`Searched for product: ${searchTerms}`);\n  cy.get(_selectors.Selectors.searchResultsList, {\n    timeout: 10000\n  }).first().click().then(() => {\n    try {\n      cy.log('✅ Selected the first product from search results');\n    } catch (error) {\n      cy.log('❌ Failed to select product');\n      throw error;\n    }\n  });\n  cy.get(_selectors.Selectors.productAddToCartButton, {\n    timeout: 10000\n  }).scrollIntoView().should('be.visible').click().then(() => {\n    try {\n      cy.log('✅ Product added to cart');\n    } catch (error) {\n      cy.log('❌ Failed to add product to cart');\n      throw error;\n    }\n  });\n  // Wait for the \"Add to Cart\" button to be visible and then click it again for a second product\n  cy.get(_selectors.Selectors.productAddToCartButton, {\n    timeout: 10000\n  }).scrollIntoView().should('be.visible').click().then(() => {\n    try {\n      cy.log('✅ Product added to cart');\n    } catch (error) {\n      cy.log('❌ Failed to add second product to cart');\n      throw error;\n    }\n  });\n  // Wait for the cart count to update and assert it has increased\n  cy.get(_selectors.Selectors.cartIconBubble, {\n    timeout: 10000\n  }).should('be.visible') // Ensure the cart icon is visible\n  .should('not.have.text', '0').click().then(() => {\n    try {\n      cy.log('✅ Navigated to cart to view added products');\n    } catch (error) {\n      cy.log('❌ Failed to navigate to cart');\n      throw error;\n    }\n  });\n});\ncy.pause();",
              "err": {},
              "uuid": "e8c74a5f-8a14-4c53-8295-246b1e916df5",
              "parentUUID": "223800f7-8069-42a0-8058-a4a7dd9e1321",
              "isHook": false,
              "skipped": false
            }
          ],
          "suites": [],
          "passes": [
            "6c6447e5-551f-42f6-b894-61662c66e8d4",
            "5b9d7c6b-9fd5-4ebc-9783-0d6206488017",
            "2241b096-8b4e-465a-9236-f1aee8d372d9",
            "59f83b16-9eab-402e-8b4f-c4ffd9cfc48e",
            "e8c74a5f-8a14-4c53-8295-246b1e916df5"
          ],
          "failures": [],
          "pending": [],
          "skipped": [],
          "duration": 12597,
          "root": false,
          "rootEmpty": false,
          "_timeout": 2000
        }
      ],
      "passes": [],
      "failures": [],
      "pending": [],
      "skipped": [],
      "duration": 0,
      "root": true,
      "rootEmpty": true,
      "_timeout": 2000
    }
  ],
  "meta": {
    "mocha": {
      "version": "7.0.1"
    },
    "mochawesome": {
      "options": {
        "quiet": false,
        "reportFilename": "mochawesome",
        "saveHtml": true,
        "saveJson": true,
        "consoleReporter": "spec",
        "useInlineDiffs": false,
        "code": true
      },
      "version": "7.1.3"
    },
    "marge": {
      "options": {
        "reportDir": "cypress/reports",
        "overwrite": false,
        "html": true,
        "json": true
      },
      "version": "6.2.0"
    }
  }
}