{
  "stats": {
    "suites": 1,
    "tests": 5,
    "passes": 5,
    "pending": 0,
    "failures": 0,
    "start": "2024-11-21T16:31:10.830Z",
    "end": "2024-11-21T16:31:24.488Z",
    "duration": 13658,
    "testsRegistered": 5,
    "passPercent": 100,
    "pendingPercent": 0,
    "other": 0,
    "hasOther": false,
    "skipped": 0,
    "hasSkipped": false
  },
  "results": [
    {
      "uuid": "2aea8374-2806-4476-8e67-bbae6aa75603",
      "title": "",
      "fullFile": "cypress/e2e/cart.cy.js",
      "file": "cypress/e2e/cart.cy.js",
      "beforeHooks": [],
      "afterHooks": [],
      "tests": [],
      "suites": [
        {
          "uuid": "a0256f76-3a10-4a9c-8658-d2a97f02569b",
          "title": "Tranquilo Matcha Cart Functionality",
          "fullFile": "",
          "file": "",
          "beforeHooks": [],
          "afterHooks": [],
          "tests": [
            {
              "title": "should allow users to navigate to the cart",
              "fullTitle": "Tranquilo Matcha Cart Functionality should allow users to navigate to the cart",
              "timedOut": null,
              "duration": 1758,
              "state": "passed",
              "speed": "fast",
              "pass": true,
              "fail": false,
              "pending": false,
              "context": null,
              "code": "cy.visit('/cart');\ncy.get(_selectors.Selectors.cartItem, {\n  timeout: 10000\n}).should('have.length', 0).then(() => {\n  try {\n    cy.log('✅ Cart is empty on the first visit');\n  } catch (error) {\n    cy.log('❌ Failed to check if cart is empty');\n    throw error; // Rethrow error to fail the test\n  }\n});\ncy.pause();",
              "err": {},
              "uuid": "7a507d99-4f67-4b0f-ad4f-07198c5a8071",
              "parentUUID": "a0256f76-3a10-4a9c-8658-d2a97f02569b",
              "isHook": false,
              "skipped": false
            },
            {
              "title": "should allow users to add a product to the cart",
              "fullTitle": "Tranquilo Matcha Cart Functionality should allow users to add a product to the cart",
              "timedOut": null,
              "duration": 2084,
              "state": "passed",
              "speed": "fast",
              "pass": true,
              "fail": false,
              "pending": false,
              "context": null,
              "code": "cy.get(_selectors.Selectors.searchBar, {\n  timeout: 10000\n}).should('be.visible');\n// Iterate over each search term from fixture data\nsearchTerms.forEach(searchTerms => {\n  cy.get(_selectors.Selectors.popupModal, {\n    timeout: 10000\n  }).type(`${searchTerms}{enter}`);\n  cy.log(`Searched for product: ${searchTerms}`);\n  cy.get(_selectors.Selectors.searchResultsList, {\n    timeout: 10000\n  }).first().click().then(() => {\n    try {\n      cy.log('✅ Selected the first product from search results');\n    } catch (error) {\n      cy.log('❌ Failed to select product');\n      throw error;\n    }\n  });\n  cy.get(_selectors.Selectors.productAddToCartButton, {\n    timeout: 10000\n  }).should('be.visible').click().then(() => {\n    try {\n      cy.log('✅ Product added to cart');\n    } catch (error) {\n      cy.log('❌ Failed to add product to cart');\n      throw error;\n    }\n  });\n});\ncy.pause();",
              "err": {},
              "uuid": "4cc0e75e-8675-47e6-bfbf-f89b7ce15463",
              "parentUUID": "a0256f76-3a10-4a9c-8658-d2a97f02569b",
              "isHook": false,
              "skipped": false
            },
            {
              "title": "should display the Added to Cart notification",
              "fullTitle": "Tranquilo Matcha Cart Functionality should display the Added to Cart notification",
              "timedOut": null,
              "duration": 2595,
              "state": "passed",
              "speed": "fast",
              "pass": true,
              "fail": false,
              "pending": false,
              "context": null,
              "code": "cy.get(_selectors.Selectors.searchBar, {\n  timeout: 10000\n}).should('be.visible');\n// Iterate over each search term from fixture data\nsearchTerms.forEach(searchTerms => {\n  cy.get(_selectors.Selectors.popupModal, {\n    timeout: 10000\n  }).type(`${searchTerms}{enter}`);\n  cy.log(`Searched for product: ${searchTerms}`);\n  cy.get(_selectors.Selectors.searchResultsList, {\n    timeout: 10000\n  }).first().click().then(() => {\n    try {\n      cy.log('✅ Selected the first product from search results');\n    } catch (error) {\n      cy.log('❌ Failed to select product');\n      throw error;\n    }\n  });\n  cy.get(_selectors.Selectors.productAddToCartButton, {\n    timeout: 10000\n  }).should('be.visible').click().then(() => {\n    try {\n      cy.log('✅ Product added to cart');\n    } catch (error) {\n      cy.log('❌ Failed to add product to cart');\n      throw error;\n    }\n  });\n  // Verify the \"Added to Cart Notification\" detail Popup\n  cy.get(_selectors.Selectors.addedToCartModal, {\n    timeout: 15000\n  }).should('be.visible').then(() => {\n    try {\n      cy.log('✅ \"Added to Cart\" notification displayed');\n    } catch (error) {\n      cy.log('❌ Failed to display \"Added to Cart\" notification');\n      throw error;\n    }\n  });\n});\ncy.pause();",
              "err": {},
              "uuid": "c4f5c59c-8412-48bc-ab81-864de977489d",
              "parentUUID": "a0256f76-3a10-4a9c-8658-d2a97f02569b",
              "isHook": false,
              "skipped": false
            },
            {
              "title": "should display the cart icon with added products",
              "fullTitle": "Tranquilo Matcha Cart Functionality should display the cart icon with added products",
              "timedOut": null,
              "duration": 2542,
              "state": "passed",
              "speed": "fast",
              "pass": true,
              "fail": false,
              "pending": false,
              "context": null,
              "code": "cy.get(_selectors.Selectors.searchBar, {\n  timeout: 10000\n}).should('be.visible');\n// Iterate over each search term from fixture data\nsearchTerms.forEach(searchTerms => {\n  cy.get(_selectors.Selectors.popupModal, {\n    timeout: 10000\n  }).type(`${searchTerms}{enter}`);\n  cy.log(`Searched for product: ${searchTerms}`);\n  cy.get(_selectors.Selectors.searchResultsList, {\n    timeout: 10000\n  }).first().click().then(() => {\n    try {\n      cy.log('✅ Selected the first product from search results');\n    } catch (error) {\n      cy.log('❌ Failed to select product');\n      throw error;\n    }\n  });\n  cy.get(_selectors.Selectors.productAddToCartButton, {\n    timeout: 10000\n  }).scrollIntoView().should('be.visible').click().then(() => {\n    try {\n      cy.log('✅ Product added to cart');\n    } catch (error) {\n      cy.log('❌ Failed to add product to cart');\n      throw error;\n    }\n  });\n  // Wait for the cart count to update and assert it has increased\n  cy.get(_selectors.Selectors.cartIconBubble, {\n    timeout: 10000\n  }).should('be.visible') // Ensure the cart icon is visible\n  .should('not.have.text', '0').then(() => {\n    try {\n      cy.log('✅ Cart icon updated with added product count');\n    } catch (error) {\n      cy.log('❌ Failed to update cart icon with product count');\n      throw error;\n    }\n  });\n});\ncy.pause(); // Pause to inspect the cart icon update",
              "err": {},
              "uuid": "9ee92fac-155d-4f71-9331-cad3952212ab",
              "parentUUID": "a0256f76-3a10-4a9c-8658-d2a97f02569b",
              "isHook": false,
              "skipped": false
            },
            {
              "title": "should display the cart with added products",
              "fullTitle": "Tranquilo Matcha Cart Functionality should display the cart with added products",
              "timedOut": null,
              "duration": 4081,
              "state": "passed",
              "speed": "fast",
              "pass": true,
              "fail": false,
              "pending": false,
              "context": null,
              "code": "cy.get(_selectors.Selectors.searchBar, {\n  timeout: 10000\n}).should('be.visible');\n// Iterate over each search term from fixture data\nsearchTerms.forEach(searchTerms => {\n  cy.get(_selectors.Selectors.popupModal, {\n    timeout: 10000\n  }).type(`${searchTerms}{enter}`);\n  cy.log(`Searched for product: ${searchTerms}`);\n  cy.get(_selectors.Selectors.searchResultsList, {\n    timeout: 10000\n  }).first().click().then(() => {\n    try {\n      cy.log('✅ Selected the first product from search results');\n    } catch (error) {\n      cy.log('❌ Failed to select product');\n      throw error;\n    }\n  });\n  cy.get(_selectors.Selectors.productAddToCartButton, {\n    timeout: 10000\n  }).scrollIntoView().should('be.visible').click().then(() => {\n    try {\n      cy.log('✅ Product added to cart');\n    } catch (error) {\n      cy.log('❌ Failed to add product to cart');\n      throw error;\n    }\n  });\n  // Wait for the \"Add to Cart\" button to be visible and then click it again for a second product\n  cy.get(_selectors.Selectors.productAddToCartButton, {\n    timeout: 10000\n  }).scrollIntoView().should('be.visible').click().then(() => {\n    try {\n      cy.log('✅ Product added to cart');\n    } catch (error) {\n      cy.log('❌ Failed to add second product to cart');\n      throw error;\n    }\n  });\n  // Wait for the cart count to update and assert it has increased\n  cy.get(_selectors.Selectors.cartIconBubble, {\n    timeout: 10000\n  }).should('be.visible') // Ensure the cart icon is visible\n  .should('not.have.text', '0').click().then(() => {\n    try {\n      cy.log('✅ Navigated to cart to view added products');\n    } catch (error) {\n      cy.log('❌ Failed to navigate to cart');\n      throw error;\n    }\n  });\n});\ncy.pause();",
              "err": {},
              "uuid": "7db78171-d385-4b50-a632-d0e43be8cf4a",
              "parentUUID": "a0256f76-3a10-4a9c-8658-d2a97f02569b",
              "isHook": false,
              "skipped": false
            }
          ],
          "suites": [],
          "passes": [
            "7a507d99-4f67-4b0f-ad4f-07198c5a8071",
            "4cc0e75e-8675-47e6-bfbf-f89b7ce15463",
            "c4f5c59c-8412-48bc-ab81-864de977489d",
            "9ee92fac-155d-4f71-9331-cad3952212ab",
            "7db78171-d385-4b50-a632-d0e43be8cf4a"
          ],
          "failures": [],
          "pending": [],
          "skipped": [],
          "duration": 13060,
          "root": false,
          "rootEmpty": false,
          "_timeout": 2000
        }
      ],
      "passes": [],
      "failures": [],
      "pending": [],
      "skipped": [],
      "duration": 0,
      "root": true,
      "rootEmpty": true,
      "_timeout": 2000
    }
  ],
  "meta": {
    "mocha": {
      "version": "7.0.1"
    },
    "mochawesome": {
      "options": {
        "quiet": false,
        "reportFilename": "mochawesome",
        "saveHtml": true,
        "saveJson": true,
        "consoleReporter": "spec",
        "useInlineDiffs": false,
        "code": true
      },
      "version": "7.1.3"
    },
    "marge": {
      "options": {
        "reportDir": "cypress/reports",
        "overwrite": false,
        "html": true,
        "json": true
      },
      "version": "6.2.0"
    }
  }
}