{
  "stats": {
    "suites": 1,
    "tests": 2,
    "passes": 0,
    "pending": 0,
    "failures": 2,
    "start": "2024-11-20T12:46:40.218Z",
    "end": "2024-11-20T12:48:41.504Z",
    "duration": 121286,
    "testsRegistered": 2,
    "passPercent": 0,
    "pendingPercent": 0,
    "other": 0,
    "hasOther": false,
    "skipped": 0,
    "hasSkipped": false
  },
  "results": [
    {
      "uuid": "e33630dd-40d6-4962-af8b-f7320229ce7f",
      "title": "",
      "fullFile": "cypress/e2e/search.cy.js",
      "file": "cypress/e2e/search.cy.js",
      "beforeHooks": [],
      "afterHooks": [],
      "tests": [],
      "suites": [
        {
          "uuid": "b4bb867f-6af0-4ade-9008-3f513e3ea3f2",
          "title": "Tranquilo Matcha Search Functionality",
          "fullFile": "",
          "file": "",
          "beforeHooks": [],
          "afterHooks": [],
          "tests": [
            {
              "title": "should display the search bar",
              "fullTitle": "Tranquilo Matcha Search Functionality should display the search bar",
              "timedOut": null,
              "duration": 20192,
              "state": "failed",
              "speed": null,
              "pass": false,
              "fail": true,
              "pending": false,
              "context": null,
              "code": "cy.get(_selectors.Selectors.searchBar, {\n  timeout: 20000\n}).should('be.visible').then(() => {\n  cy.log('✅ Search bar is visible');\n});\ncy.pause(); // Pause here to inspect if the test is failing",
              "err": {
                "message": "AssertionError: Timed out retrying after 20000ms: Expected to find element: `#shopify-section-sections--20638601380184__header > sticky-header > header > details-modal`, but never found it.",
                "estack": "AssertionError: Timed out retrying after 20000ms: Expected to find element: `#shopify-section-sections--20638601380184__header > sticky-header > header > details-modal`, but never found it.\n    at Context.eval (webpack://shopify/./cypress/e2e/search.cy.js:27:9)",
                "diff": null
              },
              "uuid": "19b5a4b0-5a16-446e-a89f-9aa9fa763c34",
              "parentUUID": "b4bb867f-6af0-4ade-9008-3f513e3ea3f2",
              "isHook": false,
              "skipped": false
            },
            {
              "title": "should allow users to search for a product",
              "fullTitle": "Tranquilo Matcha Search Functionality should allow users to search for a product",
              "timedOut": null,
              "duration": 20196,
              "state": "failed",
              "speed": null,
              "pass": false,
              "fail": true,
              "pending": false,
              "context": null,
              "code": "searchTerms.forEach(term => {\n  cy.get(_selectors.Selectors.searchBar, {\n    timeout: 20000\n  }).should('be.visible').then(() => {\n    cy.log(`✅ Search bar is visible for search term \"${term}\"`);\n  }).type(`${term}{enter}`, {\n    delay: 200\n  });\n  cy.log(`🔎 Searching for \"${term}\"`);\n  cy.pause(); // Pause here to debug any potential issues with typing or search\n});",
              "err": {
                "message": "AssertionError: Timed out retrying after 20000ms: Expected to find element: `#shopify-section-sections--20638601380184__header > sticky-header > header > details-modal`, but never found it.",
                "estack": "AssertionError: Timed out retrying after 20000ms: Expected to find element: `#shopify-section-sections--20638601380184__header > sticky-header > header > details-modal`, but never found it.\n    at eval (webpack://shopify/./cypress/e2e/search.cy.js:38:11)\n    at Context.eval (webpack://shopify/./cypress/e2e/search.cy.js:36:16)",
                "diff": null
              },
              "uuid": "286128fd-41e1-4522-bc74-0a900beaf133",
              "parentUUID": "b4bb867f-6af0-4ade-9008-3f513e3ea3f2",
              "isHook": false,
              "skipped": false
            }
          ],
          "suites": [],
          "passes": [],
          "failures": [
            "19b5a4b0-5a16-446e-a89f-9aa9fa763c34",
            "286128fd-41e1-4522-bc74-0a900beaf133"
          ],
          "pending": [],
          "skipped": [],
          "duration": 40388,
          "root": false,
          "rootEmpty": false,
          "_timeout": 2000
        }
      ],
      "passes": [],
      "failures": [],
      "pending": [],
      "skipped": [],
      "duration": 0,
      "root": true,
      "rootEmpty": true,
      "_timeout": 2000
    }
  ],
  "meta": {
    "mocha": {
      "version": "7.0.1"
    },
    "mochawesome": {
      "options": {
        "quiet": false,
        "reportFilename": "mochawesome",
        "saveHtml": true,
        "saveJson": true,
        "consoleReporter": "spec",
        "useInlineDiffs": false,
        "code": true
      },
      "version": "7.1.3"
    },
    "marge": {
      "options": {
        "reportDir": "cypress/reports",
        "overwrite": false,
        "html": true,
        "json": true
      },
      "version": "6.2.0"
    }
  }
}